#
# There is insufficient memory for the Java Runtime Environment to continue.
# Native memory allocation (mmap) failed to map 175112192 bytes for committing reserved memory.
# Possible reasons:
#   The system is out of physical RAM or swap space
#   The process is running with CompressedOops enabled, and the Java Heap may be blocking the growth of the native heap
# Possible solutions:
#   Reduce memory load on the system
#   Increase physical memory or swap space
#   Check if swap backing store is full
#   Decrease Java heap size (-Xmx/-Xms)
#   Decrease number of Java threads
#   Decrease Java thread stack sizes (-Xss)
#   Set larger code cache with -XX:ReservedCodeCacheSize=
# This output file may be truncated or incomplete.
#
#  Out of Memory Error (os_linux.cpp:2757), pid=7137, tid=0x00007fed5bd9b700
#
# JRE version:  (8.0_222-b10) (build )
# Java VM: OpenJDK 64-Bit Server VM (25.222-b10 mixed mode linux-amd64 compressed oops)
# Failed to write core dump. Core dumps have been disabled. To enable core dumping, try "ulimit -c unlimited" before starting Java again
#

---------------  T H R E A D  ---------------

Current thread (0x00007fed5400c000):  JavaThread "Unknown thread" [_thread_in_vm, id=7139, stack(0x00007fed5bc9b000,0x00007fed5bd9c000)]

Stack: [0x00007fed5bc9b000,0x00007fed5bd9c000],  sp=0x00007fed5bd9a660,  free space=1021k
Native frames: (J=compiled Java code, j=interpreted, Vv=VM code, C=native code)
V  [libjvm.so+0xa7787b]
V  [libjvm.so+0x4caa8c]
V  [libjvm.so+0x8c5da8]
V  [libjvm.so+0x8bd3ee]
V  [libjvm.so+0x93b476]
V  [libjvm.so+0x92bfe3]
V  [libjvm.so+0x2b0a41]
V  [libjvm.so+0x8eb509]
V  [libjvm.so+0xa3b449]
V  [libjvm.so+0xa3b692]
V  [libjvm.so+0x6159df]
V  [libjvm.so+0xa20abb]
V  [libjvm.so+0x690402]  JNI_CreateJavaVM+0x62
C  [libjli.so+0x2ebf]
C  [libjli.so+0x737d]
C  [libpthread.so.0+0x76ba]  start_thread+0xca


---------------  P R O C E S S  ---------------

Java Threads: ( => current thread )

Other Threads:

=>0x00007fed5400c000 (exited) JavaThread "Unknown thread" [_thread_in_vm, id=7139, stack(0x00007fed5bc9b000,0x00007fed5bd9c000)]

VM state:not at safepoint (not fully initialized)

VM Mutex/Monitor currently owned by a thread: None

heap address: 0x00000000e0000000, size: 512 MB, Compressed Oops mode: Non-zero based:0x00000000dffff000
Narrow klass base: 0x0000000000000000, Narrow klass shift: 0

GC Heap History (0 events):
No events

Deoptimization events (0 events):
No events

Classes redefined (0 events):
No events

Internal exceptions (0 events):
No events

Events (0 events):
No events


Dynamic libraries:
00400000-00401000 r-xp 00000000 08:01 7083361                            /usr/lib/jvm/java-8-openjdk-amd64/jre/bin/java
00600000-00601000 r--p 00000000 08:01 7083361                            /usr/lib/jvm/java-8-openjdk-amd64/jre/bin/java
00601000-00602000 rw-p 00001000 08:01 7083361                            /usr/lib/jvm/java-8-openjdk-amd64/jre/bin/java
01e24000-01e45000 rw-p 00000000 00:00 0                                  [heap]
ea700000-f5580000 ---p 00000000 00:00 0 
f5580000-fa880000 rw-p 00000000 00:00 0 
fa880000-100000000 ---p 00000000 00:00 0 
7fed45000000-7fed45270000 rwxp 00000000 00:00 0 
7fed45270000-7fed54000000 ---p 00000000 00:00 0 
7fed54000000-7fed54034000 rw-p 00000000 00:00 0 
7fed54034000-7fed58000000 ---p 00000000 00:00 0 
7fed58037000-7fed580e1000 ---p 00000000 00:00 0 
7fed580e1000-7fed5810c000 rw-p 00000000 00:00 0 
7fed5810c000-7fed58137000 ---p 00000000 00:00 0 
7fed58137000-7fed58142000 rw-p 00000000 00:00 0 
7fed58142000-7fed584f8000 ---p 00000000 00:00 0 
7fed584f8000-7fed58500000 r-xp 00000000 08:01 7090552                    /usr/lib/jvm/java-8-openjdk-amd64/jre/lib/amd64/libzip.so
7fed58500000-7fed586ff000 ---p 00008000 08:01 7090552                    /usr/lib/jvm/java-8-openjdk-amd64/jre/lib/amd64/libzip.so
7fed586ff000-7fed58700000 r--p 00007000 08:01 7090552                    /usr/lib/jvm/java-8-openjdk-amd64/jre/lib/amd64/libzip.so
7fed58700000-7fed58701000 rw-p 00008000 08:01 7090552                    /usr/lib/jvm/java-8-openjdk-amd64/jre/lib/amd64/libzip.so
7fed58701000-7fed5870c000 r-xp 00000000 08:01 2883679                    /lib/x86_64-linux-gnu/libnss_files-2.23.so
7fed5870c000-7fed5890b000 ---p 0000b000 08:01 2883679                    /lib/x86_64-linux-gnu/libnss_files-2.23.so
7fed5890b000-7fed5890c000 r--p 0000a000 08:01 2883679                    /lib/x86_64-linux-gnu/libnss_files-2.23.so
7fed5890c000-7fed5890d000 rw-p 0000b000 08:01 2883679                    /lib/x86_64-linux-gnu/libnss_files-2.23.so
7fed5890d000-7fed58913000 rw-p 00000000 00:00 0 
7fed58913000-7fed5891e000 r-xp 00000000 08:01 2883672                    /lib/x86_64-linux-gnu/libnss_nis-2.23.so
7fed5891e000-7fed58b1d000 ---p 0000b000 08:01 2883672                    /lib/x86_64-linux-gnu/libnss_nis-2.23.so
7fed58b1d000-7fed58b1e000 r--p 0000a000 08:01 2883672                    /lib/x86_64-linux-gnu/libnss_nis-2.23.so
7fed58b1e000-7fed58b1f000 rw-p 0000b000 08:01 2883672                    /lib/x86_64-linux-gnu/libnss_nis-2.23.so
7fed58b1f000-7fed58b35000 r-xp 00000000 08:01 2883677                    /lib/x86_64-linux-gnu/libnsl-2.23.so
7fed58b35000-7fed58d34000 ---p 00016000 08:01 2883677                    /lib/x86_64-linux-gnu/libnsl-2.23.so
7fed58d34000-7fed58d35000 r--p 00015000 08:01 2883677                    /lib/x86_64-linux-gnu/libnsl-2.23.so
7fed58d35000-7fed58d36000 rw-p 00016000 08:01 2883677                    /lib/x86_64-linux-gnu/libnsl-2.23.so
7fed58d36000-7fed58d38000 rw-p 00000000 00:00 0 
7fed58d38000-7fed58d40000 r-xp 00000000 08:01 2888234                    /lib/x86_64-linux-gnu/libnss_compat-2.23.so
7fed58d40000-7fed58f3f000 ---p 00008000 08:01 2888234                    /lib/x86_64-linux-gnu/libnss_compat-2.23.so
7fed58f3f000-7fed58f40000 r--p 00007000 08:01 2888234                    /lib/x86_64-linux-gnu/libnss_compat-2.23.so
7fed58f40000-7fed58f41000 rw-p 00008000 08:01 2888234                    /lib/x86_64-linux-gnu/libnss_compat-2.23.so
7fed58f41000-7fed58f4b000 r-xp 00000000 08:01 7090559                    /usr/lib/jvm/java-8-openjdk-amd64/jre/lib/amd64/libinstrument.so
7fed58f4b000-7fed5914a000 ---p 0000a000 08:01 7090559                    /usr/lib/jvm/java-8-openjdk-amd64/jre/lib/amd64/libinstrument.so
7fed5914a000-7fed5914b000 r--p 00009000 08:01 7090559                    /usr/lib/jvm/java-8-openjdk-amd64/jre/lib/amd64/libinstrument.so
7fed5914b000-7fed5914c000 rw-p 0000a000 08:01 7090559                    /usr/lib/jvm/java-8-openjdk-amd64/jre/lib/amd64/libinstrument.so
7fed5914c000-7fed59175000 r-xp 00000000 08:01 7090536                    /usr/lib/jvm/java-8-openjdk-amd64/jre/lib/amd64/libjava.so
7fed59175000-7fed59374000 ---p 00029000 08:01 7090536                    /usr/lib/jvm/java-8-openjdk-amd64/jre/lib/amd64/libjava.so
7fed59374000-7fed59375000 r--p 00028000 08:01 7090536                    /usr/lib/jvm/java-8-openjdk-amd64/jre/lib/amd64/libjava.so
7fed59375000-7fed59377000 rw-p 00029000 08:01 7090536                    /usr/lib/jvm/java-8-openjdk-amd64/jre/lib/amd64/libjava.so
7fed59377000-7fed59386000 r-xp 00000000 08:01 7090554                    /usr/lib/jvm/java-8-openjdk-amd64/jre/lib/amd64/libverify.so
7fed59386000-7fed59585000 ---p 0000f000 08:01 7090554                    /usr/lib/jvm/java-8-openjdk-amd64/jre/lib/amd64/libverify.so
7fed59585000-7fed59587000 r--p 0000e000 08:01 7090554                    /usr/lib/jvm/java-8-openjdk-amd64/jre/lib/amd64/libverify.so
7fed59587000-7fed59588000 rw-p 00010000 08:01 7090554                    /usr/lib/jvm/java-8-openjdk-amd64/jre/lib/amd64/libverify.so
7fed59588000-7fed5958f000 r-xp 00000000 08:01 2883609                    /lib/x86_64-linux-gnu/librt-2.23.so
7fed5958f000-7fed5978e000 ---p 00007000 08:01 2883609                    /lib/x86_64-linux-gnu/librt-2.23.so
7fed5978e000-7fed5978f000 r--p 00006000 08:01 2883609                    /lib/x86_64-linux-gnu/librt-2.23.so
7fed5978f000-7fed59790000 rw-p 00007000 08:01 2883609                    /lib/x86_64-linux-gnu/librt-2.23.so
7fed59790000-7fed597a6000 r-xp 00000000 08:01 2888319                    /lib/x86_64-linux-gnu/libgcc_s.so.1
7fed597a6000-7fed599a5000 ---p 00016000 08:01 2888319                    /lib/x86_64-linux-gnu/libgcc_s.so.1
7fed599a5000-7fed599a6000 rw-p 00015000 08:01 2888319                    /lib/x86_64-linux-gnu/libgcc_s.so.1
7fed599a6000-7fed59aae000 r-xp 00000000 08:01 2888299                    /lib/x86_64-linux-gnu/libm-2.23.so
7fed59aae000-7fed59cad000 ---p 00108000 08:01 2888299                    /lib/x86_64-linux-gnu/libm-2.23.so
7fed59cad000-7fed59cae000 r--p 00107000 08:01 2888299                    /lib/x86_64-linux-gnu/libm-2.23.so
7fed59cae000-7fed59caf000 rw-p 00108000 08:01 2888299                    /lib/x86_64-linux-gnu/libm-2.23.so
7fed59caf000-7fed59e21000 r-xp 00000000 08:01 7078279                    /usr/lib/x86_64-linux-gnu/libstdc++.so.6.0.21
7fed59e21000-7fed5a021000 ---p 00172000 08:01 7078279                    /usr/lib/x86_64-linux-gnu/libstdc++.so.6.0.21
7fed5a021000-7fed5a02b000 r--p 00172000 08:01 7078279                    /usr/lib/x86_64-linux-gnu/libstdc++.so.6.0.21
7fed5a02b000-7fed5a02d000 rw-p 0017c000 08:01 7078279                    /usr/lib/x86_64-linux-gnu/libstdc++.so.6.0.21
7fed5a02d000-7fed5a031000 rw-p 00000000 00:00 0 
7fed5a031000-7fed5ac95000 r-xp 00000000 08:01 7090565                    /usr/lib/jvm/java-8-openjdk-amd64/jre/lib/amd64/server/libjvm.so
7fed5ac95000-7fed5ae94000 ---p 00c64000 08:01 7090565                    /usr/lib/jvm/java-8-openjdk-amd64/jre/lib/amd64/server/libjvm.so
7fed5ae94000-7fed5af28000 r--p 00c63000 08:01 7090565                    /usr/lib/jvm/java-8-openjdk-amd64/jre/lib/amd64/server/libjvm.so
7fed5af28000-7fed5af51000 rw-p 00cf7000 08:01 7090565                    /usr/lib/jvm/java-8-openjdk-amd64/jre/lib/amd64/server/libjvm.so
7fed5af51000-7fed5af81000 rw-p 00000000 00:00 0 
7fed5af81000-7fed5af99000 r-xp 00000000 08:01 2883669                    /lib/x86_64-linux-gnu/libpthread-2.23.so
7fed5af99000-7fed5b198000 ---p 00018000 08:01 2883669                    /lib/x86_64-linux-gnu/libpthread-2.23.so
7fed5b198000-7fed5b199000 r--p 00017000 08:01 2883669                    /lib/x86_64-linux-gnu/libpthread-2.23.so
7fed5b199000-7fed5b19a000 rw-p 00018000 08:01 2883669                    /lib/x86_64-linux-gnu/libpthread-2.23.so
7fed5b19a000-7fed5b19e000 rw-p 00000000 00:00 0 
7fed5b19e000-7fed5b1a1000 r-xp 00000000 08:01 2883667                    /lib/x86_64-linux-gnu/libdl-2.23.so
7fed5b1a1000-7fed5b3a0000 ---p 00003000 08:01 2883667                    /lib/x86_64-linux-gnu/libdl-2.23.so
7fed5b3a0000-7fed5b3a1000 r--p 00002000 08:01 2883667                    /lib/x86_64-linux-gnu/libdl-2.23.so
7fed5b3a1000-7fed5b3a2000 rw-p 00003000 08:01 2883667                    /lib/x86_64-linux-gnu/libdl-2.23.so
7fed5b3a2000-7fed5b3bb000 r-xp 00000000 08:01 2888472                    /lib/x86_64-linux-gnu/libz.so.1.2.8
7fed5b3bb000-7fed5b5ba000 ---p 00019000 08:01 2888472                    /lib/x86_64-linux-gnu/libz.so.1.2.8
7fed5b5ba000-7fed5b5bb000 r--p 00018000 08:01 2888472                    /lib/x86_64-linux-gnu/libz.so.1.2.8
7fed5b5bb000-7fed5b5bc000 rw-p 00019000 08:01 2888472                    /lib/x86_64-linux-gnu/libz.so.1.2.8
7fed5b5bc000-7fed5b77c000 r-xp 00000000 08:01 2888179                    /lib/x86_64-linux-gnu/libc-2.23.so
7fed5b77c000-7fed5b97c000 ---p 001c0000 08:01 2888179                    /lib/x86_64-linux-gnu/libc-2.23.so
7fed5b97c000-7fed5b980000 r--p 001c0000 08:01 2888179                    /lib/x86_64-linux-gnu/libc-2.23.so
7fed5b980000-7fed5b982000 rw-p 001c4000 08:01 2888179                    /lib/x86_64-linux-gnu/libc-2.23.so
7fed5b982000-7fed5b986000 rw-p 00000000 00:00 0 
7fed5b986000-7fed5b993000 r-xp 00000000 08:01 7090546                    /usr/lib/jvm/java-8-openjdk-amd64/jre/lib/amd64/jli/libjli.so
7fed5b993000-7fed5bb92000 ---p 0000d000 08:01 7090546                    /usr/lib/jvm/java-8-openjdk-amd64/jre/lib/amd64/jli/libjli.so
7fed5bb92000-7fed5bb93000 r--p 0000c000 08:01 7090546                    /usr/lib/jvm/java-8-openjdk-amd64/jre/lib/amd64/jli/libjli.so
7fed5bb93000-7fed5bb94000 rw-p 0000d000 08:01 7090546                    /usr/lib/jvm/java-8-openjdk-amd64/jre/lib/amd64/jli/libjli.so
7fed5bb94000-7fed5bbba000 r-xp 00000000 08:01 2883668                    /lib/x86_64-linux-gnu/ld-2.23.so
7fed5bc9b000-7fed5bc9e000 ---p 00000000 00:00 0 
7fed5bc9e000-7fed5bda0000 rw-p 00000000 00:00 0 
7fed5bdae000-7fed5bdb6000 rw-s 00000000 08:01 9569232                    /tmp/hsperfdata_cramallo/7137
7fed5bdb6000-7fed5bdb7000 rw-p 00000000 00:00 0 
7fed5bdb7000-7fed5bdb8000 r--p 00000000 00:00 0 
7fed5bdb8000-7fed5bdb9000 rw-p 00000000 00:00 0 
7fed5bdb9000-7fed5bdba000 r--p 00025000 08:01 2883668                    /lib/x86_64-linux-gnu/ld-2.23.so
7fed5bdba000-7fed5bdbb000 rw-p 00026000 08:01 2883668                    /lib/x86_64-linux-gnu/ld-2.23.so
7fed5bdbb000-7fed5bdbc000 rw-p 00000000 00:00 0 
7ffc212a2000-7ffc212c4000 rw-p 00000000 00:00 0                          [stack]
7ffc213e6000-7ffc213e9000 r--p 00000000 00:00 0                          [vvar]
7ffc213e9000-7ffc213eb000 r-xp 00000000 00:00 0                          [vdso]
ffffffffff600000-ffffffffff601000 r-xp 00000000 00:00 0                  [vsyscall]

VM Arguments:
jvm_args: -Djava.security.manager=worker.org.gradle.process.internal.worker.child.BootstrapSecurityManager -Dorg.gradle.native=false -javaagent:build/tmp/expandedArchives/org.jacoco.agent-0.7.1.201405082137.jar_914e71e1f0407d9c3c541d717900faad/jacocoagent.jar=destfile=build/jacoco/test.exec,append=true,dumponexit=true,output=file,jmx=false -Xmx512m -Dfile.encoding=UTF-8 -Duser.country=US -Duser.language=en -Duser.variant -ea 
java_command: worker.org.gradle.process.internal.worker.GradleWorkerMain 'Gradle Test Executor 22'
java_class_path (initial): /home/cramallo/.gradle/caches/5.5.1/workerMain/gradle-worker.jar:build/tmp/expandedArchives/org.jacoco.agent-0.7.1.201405082137.jar_914e71e1f0407d9c3c541d717900faad/jacocoagent.jar
Launcher Type: SUN_STANDARD

Environment Variables:
JAVA_HOME=/usr/lib/jvm/java-8-openjdk-amd64/jre
PATH=/home/cramallo/.sdkman/candidates/gradle/current/bin:/home/cramallo/bin:/home/cramallo/.local/bin:/usr/local/sbin:/usr/local/bin:/usr/sbin:/usr/bin:/sbin:/bin:/usr/games:/usr/local/games:/snap/bin:/usr/lib/jvm/default-java/bin
SHELL=/bin/bash
DISPLAY=:1

Signal Handlers:
SIGSEGV: [libjvm.so+0xa783e0], sa_mask[0]=11111111011111111101111111111110, sa_flags=SA_RESTART|SA_SIGINFO
SIGBUS: [libjvm.so+0xa783e0], sa_mask[0]=11111111011111111101111111111110, sa_flags=SA_RESTART|SA_SIGINFO
SIGFPE: [libjvm.so+0x8c0e10], sa_mask[0]=11111111011111111101111111111110, sa_flags=SA_RESTART|SA_SIGINFO
SIGPIPE: [libjvm.so+0x8c0e10], sa_mask[0]=11111111011111111101111111111110, sa_flags=SA_RESTART|SA_SIGINFO
SIGXFSZ: [libjvm.so+0x8c0e10], sa_mask[0]=11111111011111111101111111111110, sa_flags=SA_RESTART|SA_SIGINFO
SIGILL: [libjvm.so+0x8c0e10], sa_mask[0]=11111111011111111101111111111110, sa_flags=SA_RESTART|SA_SIGINFO
SIGUSR1: SIG_DFL, sa_mask[0]=00000000000000000000000000000000, sa_flags=none
SIGUSR2: [libjvm.so+0x8c0cc0], sa_mask[0]=00100000000000000000000000000000, sa_flags=SA_RESTART|SA_SIGINFO
SIGHUP: SIG_DFL, sa_mask[0]=00000000000000000000000000000000, sa_flags=none
SIGINT: SIG_DFL, sa_mask[0]=00000000000000000000000000000000, sa_flags=none
SIGTERM: SIG_DFL, sa_mask[0]=00000000000000000000000000000000, sa_flags=none
SIGQUIT: SIG_DFL, sa_mask[0]=00000000000000000000000000000000, sa_flags=none


---------------  S Y S T E M  ---------------

OS:DISTRIB_ID=Ubuntu
DISTRIB_RELEASE=16.04
DISTRIB_CODENAME=xenial
DISTRIB_DESCRIPTION="Ubuntu 16.04.6 LTS"

uname:Linux 4.15.0-66-generic #75~16.04.1-Ubuntu SMP Tue Oct 1 14:01:08 UTC 2019 x86_64
libc:glibc 2.23 NPTL 2.23 
rlimit: STACK 8192k, CORE 0k, NPROC 63412, NOFILE 1048576, AS infinity
load average:1.14 0.43 0.33

/proc/meminfo:
MemTotal:       16294200 kB
MemFree:          150208 kB
MemAvailable:      72308 kB
Buffers:           11440 kB
Cached:          1894884 kB
SwapCached:         3000 kB
Active:         14181988 kB
Inactive:        1339400 kB
Active(anon):   14133916 kB
Inactive(anon):  1285060 kB
Active(file):      48072 kB
Inactive(file):    54340 kB
Unevictable:         112 kB
Mlocked:             112 kB
SwapTotal:        998396 kB
SwapFree:              0 kB
Dirty:              1428 kB
Writeback:             0 kB
AnonPages:      13612532 kB
Mapped:          1526720 kB
Shmem:           1803888 kB
Slab:             200816 kB
SReclaimable:      76344 kB
SUnreclaim:       124472 kB
KernelStack:       41552 kB
PageTables:       230972 kB
NFS_Unstable:          0 kB
Bounce:                0 kB
WritebackTmp:          0 kB
CommitLimit:     9145496 kB
Committed_AS:   43127400 kB
VmallocTotal:   34359738367 kB
VmallocUsed:           0 kB
VmallocChunk:          0 kB
HardwareCorrupted:     0 kB
AnonHugePages:         0 kB
ShmemHugePages:        0 kB
ShmemPmdMapped:        0 kB
CmaTotal:              0 kB
CmaFree:               0 kB
HugePages_Total:       0
HugePages_Free:        0
HugePages_Rsvd:        0
HugePages_Surp:        0
Hugepagesize:       2048 kB
DirectMap4k:      575372 kB
DirectMap2M:    15022080 kB
DirectMap1G:     2097152 kB

container (cgroup) information:
container_type: cgroupv1
cpu_cpuset_cpus: 0-7
cpu_memory_nodes: 0
active_processor_count: 8
cpu_quota: -1
cpu_period: 100000
cpu_shares: -1
memory_limit_in_bytes: -1
memory_and_swap_limit_in_bytes: -2
memory_soft_limit_in_bytes: -1
memory_usage_in_bytes: 15893823488
memory_max_usage_in_bytes: 0


CPU:total 8 (initial active 8) (4 cores per cpu, 2 threads per core) family 6 model 60 stepping 3, cmov, cx8, fxsr, mmx, sse, sse2, sse3, ssse3, sse4.1, sse4.2, popcnt, avx, avx2, aes, clmul, erms, lzcnt, ht, tsc, tscinvbit, bmi1, bmi2

/proc/cpuinfo:
processor	: 0
vendor_id	: GenuineIntel
cpu family	: 6
model		: 60
model name	: Intel(R) Core(TM) i7-4790 CPU @ 3.60GHz
stepping	: 3
microcode	: 0x27
cpu MHz		: 3699.549
cache size	: 8192 KB
physical id	: 0
siblings	: 8
core id		: 0
cpu cores	: 4
apicid		: 0
initial apicid	: 0
fpu		: yes
fpu_exception	: yes
cpuid level	: 13
wp		: yes
flags		: fpu vme de pse tsc msr pae mce cx8 apic sep mtrr pge mca cmov pat pse36 clflush dts acpi mmx fxsr sse sse2 ss ht tm pbe syscall nx pdpe1gb rdtscp lm constant_tsc arch_perfmon pebs bts rep_good nopl xtopology nonstop_tsc cpuid aperfmperf pni pclmulqdq dtes64 monitor ds_cpl vmx smx est tm2 ssse3 sdbg fma cx16 xtpr pdcm pcid sse4_1 sse4_2 x2apic movbe popcnt tsc_deadline_timer aes xsave avx f16c rdrand lahf_lm abm cpuid_fault epb invpcid_single pti ssbd ibrs ibpb stibp tpr_shadow vnmi flexpriority ept vpid fsgsbase tsc_adjust bmi1 avx2 smep bmi2 erms invpcid xsaveopt dtherm ida arat pln pts md_clear flush_l1d
bugs		: cpu_meltdown spectre_v1 spectre_v2 spec_store_bypass l1tf mds swapgs
bogomips	: 7183.60
clflush size	: 64
cache_alignment	: 64
address sizes	: 39 bits physical, 48 bits virtual
power management:

processor	: 1
vendor_id	: GenuineIntel
cpu family	: 6
model		: 60
model name	: Intel(R) Core(TM) i7-4790 CPU @ 3.60GHz
stepping	: 3
microcode	: 0x27
cpu MHz		: 3666.632
cache size	: 8192 KB
physical id	: 0
siblings	: 8
core id		: 1
cpu cores	: 4
apicid		: 2
initial apicid	: 2
fpu		: yes
fpu_exception	: yes
cpuid level	: 13
wp		: yes
flags		: fpu vme de pse tsc msr pae mce cx8 apic sep mtrr pge mca cmov pat pse36 clflush dts acpi mmx fxsr sse sse2 ss ht tm pbe syscall nx pdpe1gb rdtscp lm constant_tsc arch_perfmon pebs bts rep_good nopl xtopology nonstop_tsc cpuid aperfmperf pni pclmulqdq dtes64 monitor ds_cpl vmx smx est tm2 ssse3 sdbg fma cx16 xtpr pdcm pcid sse4_1 sse4_2 x2apic movbe popcnt tsc_deadline_timer aes xsave avx f16c rdrand lahf_lm abm cpuid_fault epb invpcid_single pti ssbd ibrs ibpb stibp tpr_shadow vnmi flexpriority ept vpid fsgsbase tsc_adjust bmi1 avx2 smep bmi2 erms invpcid xsaveopt dtherm ida arat pln pts md_clear flush_l1d
bugs		: cpu_meltdown spectre_v1 spectre_v2 spec_store_bypass l1tf mds swapgs
bogomips	: 7183.60
clflush size	: 64
cache_alignment	: 64
address sizes	: 39 bits physical, 48 bits virtual
power management:

processor	: 2
vendor_id	: GenuineIntel
cpu family	: 6
model		: 60
model name	: Intel(R) Core(TM) i7-4790 CPU @ 3.60GHz
stepping	: 3
microcode	: 0x27
cpu MHz		: 3766.580
cache size	: 8192 KB
physical id	: 0
siblings	: 8
core id		: 2
cpu cores	: 4
apicid		: 4
initial apicid	: 4
fpu		: yes
fpu_exception	: yes
cpuid level	: 13
wp		: yes
flags		: fpu vme de pse tsc msr pae mce cx8 apic sep mtrr pge mca cmov pat pse36 clflush dts acpi mmx fxsr sse sse2 ss ht tm pbe syscall nx pdpe1gb rdtscp lm constant_tsc arch_perfmon pebs bts rep_good nopl xtopology nonstop_tsc cpuid aperfmperf pni pclmulqdq dtes64 monitor ds_cpl vmx smx est tm2 ssse3 sdbg fma cx16 xtpr pdcm pcid sse4_1 sse4_2 x2apic movbe popcnt tsc_deadline_timer aes xsave avx f16c rdrand lahf_lm abm cpuid_fault epb invpcid_single pti ssbd ibrs ibpb stibp tpr_shadow vnmi flexpriority ept vpid fsgsbase tsc_adjust bmi1 avx2 smep bmi2 erms invpcid xsaveopt dtherm ida arat pln pts md_clear flush_l1d
bugs		: cpu_meltdown spectre_v1 spectre_v2 spec_store_bypass l1tf mds swapgs
bogomips	: 7183.60
clflush size	: 64
cache_alignment	: 64
address sizes	: 39 bits physical, 48 bits virtual
power management:

processor	: 3
vendor_id	: GenuineIntel
cpu family	: 6
model		: 60
model name	: Intel(R) Core(TM) i7-4790 CPU @ 3.60GHz
stepping	: 3
microcode	: 0x27
cpu MHz		: 3638.137
cache size	: 8192 KB
physical id	: 0
siblings	: 8
core id		: 3
cpu cores	: 4
apicid		: 6
initial apicid	: 6
fpu		: yes
fpu_exception	: yes
cpuid level	: 13
wp		: yes
flags		: fpu vme de pse tsc msr pae mce cx8 apic sep mtrr pge mca cmov pat pse36 clflush dts acpi mmx fxsr sse sse2 ss ht tm pbe syscall nx pdpe1gb rdtscp lm constant_tsc arch_perfmon pebs bts rep_good nopl xtopology nonstop_tsc cpuid aperfmperf pni pclmulqdq dtes64 monitor ds_cpl vmx smx est tm2 ssse3 sdbg fma cx16 xtpr pdcm pcid sse4_1 sse4_2 x2apic movbe popcnt tsc_deadline_timer aes xsave avx f16c rdrand lahf_lm abm cpuid_fault epb invpcid_single pti ssbd ibrs ibpb stibp tpr_shadow vnmi flexpriority ept vpid fsgsbase tsc_adjust bmi1 avx2 smep bmi2 erms invpcid xsaveopt dtherm ida arat pln pts md_clear flush_l1d
bugs		: cpu_meltdown spectre_v1 spectre_v2 spec_store_bypass l1tf mds swapgs
bogomips	: 7183.60
clflush size	: 64
cache_alignment	: 64
address sizes	: 39 bits physical, 48 bits virtual
power management:

processor	: 4
vendor_id	: GenuineIntel
cpu family	: 6
model		: 60
model name	: Intel(R) Core(TM) i7-4790 CPU @ 3.60GHz
stepping	: 3
microcode	: 0x27
cpu MHz		: 3533.788
cache size	: 8192 KB
physical id	: 0
siblings	: 8
core id		: 0
cpu cores	: 4
apicid		: 1
initial apicid	: 1
fpu		: yes
fpu_exception	: yes
cpuid level	: 13
wp		: yes
flags		: fpu vme de pse tsc msr pae mce cx8 apic sep mtrr pge mca cmov pat pse36 clflush dts acpi mmx fxsr sse sse2 ss ht tm pbe syscall nx pdpe1gb rdtscp lm constant_tsc arch_perfmon pebs bts rep_good nopl xtopology nonstop_tsc cpuid aperfmperf pni pclmulqdq dtes64 monitor ds_cpl vmx smx est tm2 ssse3 sdbg fma cx16 xtpr pdcm pcid sse4_1 sse4_2 x2apic movbe popcnt tsc_deadline_timer aes xsave avx f16c rdrand lahf_lm abm cpuid_fault epb invpcid_single pti ssbd ibrs ibpb stibp tpr_shadow vnmi flexpriority ept vpid fsgsbase tsc_adjust bmi1 avx2 smep bmi2 erms invpcid xsaveopt dtherm ida arat pln pts md_clear flush_l1d
bugs		: cpu_meltdown spectre_v1 spectre_v2 spec_store_bypass l1tf mds swapgs
bogomips	: 7183.60
clflush size	: 64
cache_alignment	: 64
address sizes	: 39 bits physical, 48 bits virtual
power management:

processor	: 5
vendor_id	: GenuineIntel
cpu family	: 6
model		: 60
model name	: Intel(R) Core(TM) i7-4790 CPU @ 3.60GHz
stepping	: 3
microcode	: 0x27
cpu MHz		: 3603.701
cache size	: 8192 KB
physical id	: 0
siblings	: 8
core id		: 1
cpu cores	: 4
apicid		: 3
initial apicid	: 3
fpu		: yes
fpu_exception	: yes
cpuid level	: 13
wp		: yes
flags		: fpu vme de pse tsc msr pae mce cx8 apic sep mtrr pge mca cmov pat pse36 clflush dts acpi mmx fxsr sse sse2 ss ht tm pbe syscall nx pdpe1gb rdtscp lm constant_tsc arch_perfmon pebs bts rep_good nopl xtopology nonstop_tsc cpuid aperfmperf pni pclmulqdq dtes64 monitor ds_cpl vmx smx est tm2 ssse3 sdbg fma cx16 xtpr pdcm pcid sse4_1 sse4_2 x2apic movbe popcnt tsc_deadline_timer aes xsave avx f16c rdrand lahf_lm abm cpuid_fault epb invpcid_single pti ssbd ibrs ibpb stibp tpr_shadow vnmi flexpriority ept vpid fsgsbase tsc_adjust bmi1 avx2 smep bmi2 erms invpcid xsaveopt dtherm ida arat pln pts md_clear flush_l1d
bugs		: cpu_meltdown spectre_v1 spectre_v2 spec_store_bypass l1tf mds swapgs
bogomips	: 7183.60
clflush size	: 64
cache_alignment	: 64
address sizes	: 39 bits physical, 48 bits virtual
power management:

processor	: 6
vendor_id	: GenuineIntel
cpu family	: 6
model		: 60
model name	: Intel(R) Core(TM) i7-4790 CPU @ 3.60GHz
stepping	: 3
microcode	: 0x27
cpu MHz		: 3637.397
cache size	: 8192 KB
physical id	: 0
siblings	: 8
core id		: 2
cpu cores	: 4
apicid		: 5
initial apicid	: 5
fpu		: yes
fpu_exception	: yes
cpuid level	: 13
wp		: yes
flags		: fpu vme de pse tsc msr pae mce cx8 apic sep mtrr pge mca cmov pat pse36 clflush dts acpi mmx fxsr sse sse2 ss ht tm pbe syscall nx pdpe1gb rdtscp lm constant_tsc arch_perfmon pebs bts rep_good nopl xtopology nonstop_tsc cpuid aperfmperf pni pclmulqdq dtes64 monitor ds_cpl vmx smx est tm2 ssse3 sdbg fma cx16 xtpr pdcm pcid sse4_1 sse4_2 x2apic movbe popcnt tsc_deadline_timer aes xsave avx f16c rdrand lahf_lm abm cpuid_fault epb invpcid_single pti ssbd ibrs ibpb stibp tpr_shadow vnmi flexpriority ept vpid fsgsbase tsc_adjust bmi1 avx2 smep bmi2 erms invpcid xsaveopt dtherm ida arat pln pts md_clear flush_l1d
bugs		: cpu_meltdown spectre_v1 spectre_v2 spec_store_bypass l1tf mds swapgs
bogomips	: 7183.60
clflush size	: 64
cache_alignment	: 64
address sizes	: 39 bits physical, 48 bits virtual
power management:

processor	: 7
vendor_id	: GenuineIntel
cpu family	: 6
model		: 60
model name	: Intel(R) Core(TM) i7-4790 CPU @ 3.60GHz
stepping	: 3
microcode	: 0x27
cpu MHz		: 3882.405
cache size	: 8192 KB
physical id	: 0
siblings	: 8
core id		: 3
cpu cores	: 4
apicid		: 7
initial apicid	: 7
fpu		: yes
fpu_exception	: yes
cpuid level	: 13
wp		: yes
flags		: fpu vme de pse tsc msr pae mce cx8 apic sep mtrr pge mca cmov pat pse36 clflush dts acpi mmx fxsr sse sse2 ss ht tm pbe syscall nx pdpe1gb rdtscp lm constant_tsc arch_perfmon pebs bts rep_good nopl xtopology nonstop_tsc cpuid aperfmperf pni pclmulqdq dtes64 monitor ds_cpl vmx smx est tm2 ssse3 sdbg fma cx16 xtpr pdcm pcid sse4_1 sse4_2 x2apic movbe popcnt tsc_deadline_timer aes xsave avx f16c rdrand lahf_lm abm cpuid_fault epb invpcid_single pti ssbd ibrs ibpb stibp tpr_shadow vnmi flexpriority ept vpid fsgsbase tsc_adjust bmi1 avx2 smep bmi2 erms invpcid xsaveopt dtherm ida arat pln pts md_clear flush_l1d
bugs		: cpu_meltdown spectre_v1 spectre_v2 spec_store_bypass l1tf mds swapgs
bogomips	: 7183.60
clflush size	: 64
cache_alignment	: 64
address sizes	: 39 bits physical, 48 bits virtual
power management:



Memory: 4k page, physical 16294200k(150208k free), swap 998396k(0k free)

vm_info: OpenJDK 64-Bit Server VM (25.222-b10) for linux-amd64 JRE (1.8.0_222-8u222-b10-1ubuntu1~16.04.1-b10), built on Jul 18 2019 20:25:18 by "buildd" with gcc 5.4.0 20160609

time: Mon Nov 11 14:02:52 2019
timezone: -03
elapsed time: 0 seconds (0d 0h 0m 0s)

