#
# There is insufficient memory for the Java Runtime Environment to continue.
# Native memory allocation (mmap) failed to map 175112192 bytes for committing reserved memory.
# Possible reasons:
#   The system is out of physical RAM or swap space
#   The process is running with CompressedOops enabled, and the Java Heap may be blocking the growth of the native heap
# Possible solutions:
#   Reduce memory load on the system
#   Increase physical memory or swap space
#   Check if swap backing store is full
#   Decrease Java heap size (-Xmx/-Xms)
#   Decrease number of Java threads
#   Decrease Java thread stack sizes (-Xss)
#   Set larger code cache with -XX:ReservedCodeCacheSize=
# This output file may be truncated or incomplete.
#
#  Out of Memory Error (os_linux.cpp:2757), pid=7246, tid=0x00007fb8c7b7e700
#
# JRE version:  (8.0_222-b10) (build )
# Java VM: OpenJDK 64-Bit Server VM (25.222-b10 mixed mode linux-amd64 compressed oops)
# Failed to write core dump. Core dumps have been disabled. To enable core dumping, try "ulimit -c unlimited" before starting Java again
#

---------------  T H R E A D  ---------------

Current thread (0x00007fb8c000c000):  JavaThread "Unknown thread" [_thread_in_vm, id=7248, stack(0x00007fb8c7a7e000,0x00007fb8c7b7f000)]

Stack: [0x00007fb8c7a7e000,0x00007fb8c7b7f000],  sp=0x00007fb8c7b7d660,  free space=1021k
Native frames: (J=compiled Java code, j=interpreted, Vv=VM code, C=native code)
V  [libjvm.so+0xa7787b]
V  [libjvm.so+0x4caa8c]
V  [libjvm.so+0x8c5da8]
V  [libjvm.so+0x8bd3ee]
V  [libjvm.so+0x93b476]
V  [libjvm.so+0x92bfe3]
V  [libjvm.so+0x2b0a41]
V  [libjvm.so+0x8eb509]
V  [libjvm.so+0xa3b449]
V  [libjvm.so+0xa3b692]
V  [libjvm.so+0x6159df]
V  [libjvm.so+0xa20abb]
V  [libjvm.so+0x690402]  JNI_CreateJavaVM+0x62
C  [libjli.so+0x2ebf]
C  [libjli.so+0x737d]
C  [libpthread.so.0+0x76ba]  start_thread+0xca


---------------  P R O C E S S  ---------------

Java Threads: ( => current thread )

Other Threads:

=>0x00007fb8c000c000 (exited) JavaThread "Unknown thread" [_thread_in_vm, id=7248, stack(0x00007fb8c7a7e000,0x00007fb8c7b7f000)]

VM state:not at safepoint (not fully initialized)

VM Mutex/Monitor currently owned by a thread: None

heap address: 0x00000000e0000000, size: 512 MB, Compressed Oops mode: Non-zero based:0x00000000dffff000
Narrow klass base: 0x0000000000000000, Narrow klass shift: 0

GC Heap History (0 events):
No events

Deoptimization events (0 events):
No events

Classes redefined (0 events):
No events

Internal exceptions (0 events):
No events

Events (0 events):
No events


Dynamic libraries:
00400000-00401000 r-xp 00000000 08:01 7083361                            /usr/lib/jvm/java-8-openjdk-amd64/jre/bin/java
00600000-00601000 r--p 00000000 08:01 7083361                            /usr/lib/jvm/java-8-openjdk-amd64/jre/bin/java
00601000-00602000 rw-p 00001000 08:01 7083361                            /usr/lib/jvm/java-8-openjdk-amd64/jre/bin/java
02219000-0223a000 rw-p 00000000 00:00 0                                  [heap]
ea700000-f5580000 ---p 00000000 00:00 0 
f5580000-fa880000 rw-p 00000000 00:00 0 
fa880000-100000000 ---p 00000000 00:00 0 
7fb8b0c40000-7fb8b0c4a000 rw-p 00000000 00:00 0 
7fb8b0c4a000-7fb8b1000000 ---p 00000000 00:00 0 
7fb8b1000000-7fb8b1270000 rwxp 00000000 00:00 0 
7fb8b1270000-7fb8c0000000 ---p 00000000 00:00 0 
7fb8c0000000-7fb8c0034000 rw-p 00000000 00:00 0 
7fb8c0034000-7fb8c4000000 ---p 00000000 00:00 0 
7fb8c41da000-7fb8c4284000 ---p 00000000 00:00 0 
7fb8c4284000-7fb8c42af000 rw-p 00000000 00:00 0 
7fb8c42af000-7fb8c42da000 ---p 00000000 00:00 0 
7fb8c42da000-7fb8c42db000 rw-p 00000000 00:00 0 
7fb8c42db000-7fb8c42e3000 r-xp 00000000 08:01 7090552                    /usr/lib/jvm/java-8-openjdk-amd64/jre/lib/amd64/libzip.so
7fb8c42e3000-7fb8c44e2000 ---p 00008000 08:01 7090552                    /usr/lib/jvm/java-8-openjdk-amd64/jre/lib/amd64/libzip.so
7fb8c44e2000-7fb8c44e3000 r--p 00007000 08:01 7090552                    /usr/lib/jvm/java-8-openjdk-amd64/jre/lib/amd64/libzip.so
7fb8c44e3000-7fb8c44e4000 rw-p 00008000 08:01 7090552                    /usr/lib/jvm/java-8-openjdk-amd64/jre/lib/amd64/libzip.so
7fb8c44e4000-7fb8c44ef000 r-xp 00000000 08:01 2883679                    /lib/x86_64-linux-gnu/libnss_files-2.23.so
7fb8c44ef000-7fb8c46ee000 ---p 0000b000 08:01 2883679                    /lib/x86_64-linux-gnu/libnss_files-2.23.so
7fb8c46ee000-7fb8c46ef000 r--p 0000a000 08:01 2883679                    /lib/x86_64-linux-gnu/libnss_files-2.23.so
7fb8c46ef000-7fb8c46f0000 rw-p 0000b000 08:01 2883679                    /lib/x86_64-linux-gnu/libnss_files-2.23.so
7fb8c46f0000-7fb8c46f6000 rw-p 00000000 00:00 0 
7fb8c46f6000-7fb8c4701000 r-xp 00000000 08:01 2883672                    /lib/x86_64-linux-gnu/libnss_nis-2.23.so
7fb8c4701000-7fb8c4900000 ---p 0000b000 08:01 2883672                    /lib/x86_64-linux-gnu/libnss_nis-2.23.so
7fb8c4900000-7fb8c4901000 r--p 0000a000 08:01 2883672                    /lib/x86_64-linux-gnu/libnss_nis-2.23.so
7fb8c4901000-7fb8c4902000 rw-p 0000b000 08:01 2883672                    /lib/x86_64-linux-gnu/libnss_nis-2.23.so
7fb8c4902000-7fb8c4918000 r-xp 00000000 08:01 2883677                    /lib/x86_64-linux-gnu/libnsl-2.23.so
7fb8c4918000-7fb8c4b17000 ---p 00016000 08:01 2883677                    /lib/x86_64-linux-gnu/libnsl-2.23.so
7fb8c4b17000-7fb8c4b18000 r--p 00015000 08:01 2883677                    /lib/x86_64-linux-gnu/libnsl-2.23.so
7fb8c4b18000-7fb8c4b19000 rw-p 00016000 08:01 2883677                    /lib/x86_64-linux-gnu/libnsl-2.23.so
7fb8c4b19000-7fb8c4b1b000 rw-p 00000000 00:00 0 
7fb8c4b1b000-7fb8c4b23000 r-xp 00000000 08:01 2888234                    /lib/x86_64-linux-gnu/libnss_compat-2.23.so
7fb8c4b23000-7fb8c4d22000 ---p 00008000 08:01 2888234                    /lib/x86_64-linux-gnu/libnss_compat-2.23.so
7fb8c4d22000-7fb8c4d23000 r--p 00007000 08:01 2888234                    /lib/x86_64-linux-gnu/libnss_compat-2.23.so
7fb8c4d23000-7fb8c4d24000 rw-p 00008000 08:01 2888234                    /lib/x86_64-linux-gnu/libnss_compat-2.23.so
7fb8c4d24000-7fb8c4d2e000 r-xp 00000000 08:01 7090559                    /usr/lib/jvm/java-8-openjdk-amd64/jre/lib/amd64/libinstrument.so
7fb8c4d2e000-7fb8c4f2d000 ---p 0000a000 08:01 7090559                    /usr/lib/jvm/java-8-openjdk-amd64/jre/lib/amd64/libinstrument.so
7fb8c4f2d000-7fb8c4f2e000 r--p 00009000 08:01 7090559                    /usr/lib/jvm/java-8-openjdk-amd64/jre/lib/amd64/libinstrument.so
7fb8c4f2e000-7fb8c4f2f000 rw-p 0000a000 08:01 7090559                    /usr/lib/jvm/java-8-openjdk-amd64/jre/lib/amd64/libinstrument.so
7fb8c4f2f000-7fb8c4f58000 r-xp 00000000 08:01 7090536                    /usr/lib/jvm/java-8-openjdk-amd64/jre/lib/amd64/libjava.so
7fb8c4f58000-7fb8c5157000 ---p 00029000 08:01 7090536                    /usr/lib/jvm/java-8-openjdk-amd64/jre/lib/amd64/libjava.so
7fb8c5157000-7fb8c5158000 r--p 00028000 08:01 7090536                    /usr/lib/jvm/java-8-openjdk-amd64/jre/lib/amd64/libjava.so
7fb8c5158000-7fb8c515a000 rw-p 00029000 08:01 7090536                    /usr/lib/jvm/java-8-openjdk-amd64/jre/lib/amd64/libjava.so
7fb8c515a000-7fb8c5169000 r-xp 00000000 08:01 7090554                    /usr/lib/jvm/java-8-openjdk-amd64/jre/lib/amd64/libverify.so
7fb8c5169000-7fb8c5368000 ---p 0000f000 08:01 7090554                    /usr/lib/jvm/java-8-openjdk-amd64/jre/lib/amd64/libverify.so
7fb8c5368000-7fb8c536a000 r--p 0000e000 08:01 7090554                    /usr/lib/jvm/java-8-openjdk-amd64/jre/lib/amd64/libverify.so
7fb8c536a000-7fb8c536b000 rw-p 00010000 08:01 7090554                    /usr/lib/jvm/java-8-openjdk-amd64/jre/lib/amd64/libverify.so
7fb8c536b000-7fb8c5372000 r-xp 00000000 08:01 2883609                    /lib/x86_64-linux-gnu/librt-2.23.so
7fb8c5372000-7fb8c5571000 ---p 00007000 08:01 2883609                    /lib/x86_64-linux-gnu/librt-2.23.so
7fb8c5571000-7fb8c5572000 r--p 00006000 08:01 2883609                    /lib/x86_64-linux-gnu/librt-2.23.so
7fb8c5572000-7fb8c5573000 rw-p 00007000 08:01 2883609                    /lib/x86_64-linux-gnu/librt-2.23.so
7fb8c5573000-7fb8c5589000 r-xp 00000000 08:01 2888319                    /lib/x86_64-linux-gnu/libgcc_s.so.1
7fb8c5589000-7fb8c5788000 ---p 00016000 08:01 2888319                    /lib/x86_64-linux-gnu/libgcc_s.so.1
7fb8c5788000-7fb8c5789000 rw-p 00015000 08:01 2888319                    /lib/x86_64-linux-gnu/libgcc_s.so.1
7fb8c5789000-7fb8c5891000 r-xp 00000000 08:01 2888299                    /lib/x86_64-linux-gnu/libm-2.23.so
7fb8c5891000-7fb8c5a90000 ---p 00108000 08:01 2888299                    /lib/x86_64-linux-gnu/libm-2.23.so
7fb8c5a90000-7fb8c5a91000 r--p 00107000 08:01 2888299                    /lib/x86_64-linux-gnu/libm-2.23.so
7fb8c5a91000-7fb8c5a92000 rw-p 00108000 08:01 2888299                    /lib/x86_64-linux-gnu/libm-2.23.so
7fb8c5a92000-7fb8c5c04000 r-xp 00000000 08:01 7078279                    /usr/lib/x86_64-linux-gnu/libstdc++.so.6.0.21
7fb8c5c04000-7fb8c5e04000 ---p 00172000 08:01 7078279                    /usr/lib/x86_64-linux-gnu/libstdc++.so.6.0.21
7fb8c5e04000-7fb8c5e0e000 r--p 00172000 08:01 7078279                    /usr/lib/x86_64-linux-gnu/libstdc++.so.6.0.21
7fb8c5e0e000-7fb8c5e10000 rw-p 0017c000 08:01 7078279                    /usr/lib/x86_64-linux-gnu/libstdc++.so.6.0.21
7fb8c5e10000-7fb8c5e14000 rw-p 00000000 00:00 0 
7fb8c5e14000-7fb8c6a78000 r-xp 00000000 08:01 7090565                    /usr/lib/jvm/java-8-openjdk-amd64/jre/lib/amd64/server/libjvm.so
7fb8c6a78000-7fb8c6c77000 ---p 00c64000 08:01 7090565                    /usr/lib/jvm/java-8-openjdk-amd64/jre/lib/amd64/server/libjvm.so
7fb8c6c77000-7fb8c6d0b000 r--p 00c63000 08:01 7090565                    /usr/lib/jvm/java-8-openjdk-amd64/jre/lib/amd64/server/libjvm.so
7fb8c6d0b000-7fb8c6d34000 rw-p 00cf7000 08:01 7090565                    /usr/lib/jvm/java-8-openjdk-amd64/jre/lib/amd64/server/libjvm.so
7fb8c6d34000-7fb8c6d64000 rw-p 00000000 00:00 0 
7fb8c6d64000-7fb8c6d7c000 r-xp 00000000 08:01 2883669                    /lib/x86_64-linux-gnu/libpthread-2.23.so
7fb8c6d7c000-7fb8c6f7b000 ---p 00018000 08:01 2883669                    /lib/x86_64-linux-gnu/libpthread-2.23.so
7fb8c6f7b000-7fb8c6f7c000 r--p 00017000 08:01 2883669                    /lib/x86_64-linux-gnu/libpthread-2.23.so
7fb8c6f7c000-7fb8c6f7d000 rw-p 00018000 08:01 2883669                    /lib/x86_64-linux-gnu/libpthread-2.23.so
7fb8c6f7d000-7fb8c6f81000 rw-p 00000000 00:00 0 
7fb8c6f81000-7fb8c6f84000 r-xp 00000000 08:01 2883667                    /lib/x86_64-linux-gnu/libdl-2.23.so
7fb8c6f84000-7fb8c7183000 ---p 00003000 08:01 2883667                    /lib/x86_64-linux-gnu/libdl-2.23.so
7fb8c7183000-7fb8c7184000 r--p 00002000 08:01 2883667                    /lib/x86_64-linux-gnu/libdl-2.23.so
7fb8c7184000-7fb8c7185000 rw-p 00003000 08:01 2883667                    /lib/x86_64-linux-gnu/libdl-2.23.so
7fb8c7185000-7fb8c719e000 r-xp 00000000 08:01 2888472                    /lib/x86_64-linux-gnu/libz.so.1.2.8
7fb8c719e000-7fb8c739d000 ---p 00019000 08:01 2888472                    /lib/x86_64-linux-gnu/libz.so.1.2.8
7fb8c739d000-7fb8c739e000 r--p 00018000 08:01 2888472                    /lib/x86_64-linux-gnu/libz.so.1.2.8
7fb8c739e000-7fb8c739f000 rw-p 00019000 08:01 2888472                    /lib/x86_64-linux-gnu/libz.so.1.2.8
7fb8c739f000-7fb8c755f000 r-xp 00000000 08:01 2888179                    /lib/x86_64-linux-gnu/libc-2.23.so
7fb8c755f000-7fb8c775f000 ---p 001c0000 08:01 2888179                    /lib/x86_64-linux-gnu/libc-2.23.so
7fb8c775f000-7fb8c7763000 r--p 001c0000 08:01 2888179                    /lib/x86_64-linux-gnu/libc-2.23.so
7fb8c7763000-7fb8c7765000 rw-p 001c4000 08:01 2888179                    /lib/x86_64-linux-gnu/libc-2.23.so
7fb8c7765000-7fb8c7769000 rw-p 00000000 00:00 0 
7fb8c7769000-7fb8c7776000 r-xp 00000000 08:01 7090546                    /usr/lib/jvm/java-8-openjdk-amd64/jre/lib/amd64/jli/libjli.so
7fb8c7776000-7fb8c7975000 ---p 0000d000 08:01 7090546                    /usr/lib/jvm/java-8-openjdk-amd64/jre/lib/amd64/jli/libjli.so
7fb8c7975000-7fb8c7976000 r--p 0000c000 08:01 7090546                    /usr/lib/jvm/java-8-openjdk-amd64/jre/lib/amd64/jli/libjli.so
7fb8c7976000-7fb8c7977000 rw-p 0000d000 08:01 7090546                    /usr/lib/jvm/java-8-openjdk-amd64/jre/lib/amd64/jli/libjli.so
7fb8c7977000-7fb8c799d000 r-xp 00000000 08:01 2883668                    /lib/x86_64-linux-gnu/ld-2.23.so
7fb8c7a7e000-7fb8c7a81000 ---p 00000000 00:00 0 
7fb8c7a81000-7fb8c7b83000 rw-p 00000000 00:00 0 
7fb8c7b91000-7fb8c7b99000 rw-s 00000000 08:01 9569232                    /tmp/hsperfdata_cramallo/7246
7fb8c7b99000-7fb8c7b9a000 rw-p 00000000 00:00 0 
7fb8c7b9a000-7fb8c7b9b000 r--p 00000000 00:00 0 
7fb8c7b9b000-7fb8c7b9c000 rw-p 00000000 00:00 0 
7fb8c7b9c000-7fb8c7b9d000 r--p 00025000 08:01 2883668                    /lib/x86_64-linux-gnu/ld-2.23.so
7fb8c7b9d000-7fb8c7b9e000 rw-p 00026000 08:01 2883668                    /lib/x86_64-linux-gnu/ld-2.23.so
7fb8c7b9e000-7fb8c7b9f000 rw-p 00000000 00:00 0 
7ffeb1849000-7ffeb186b000 rw-p 00000000 00:00 0                          [stack]
7ffeb19a4000-7ffeb19a7000 r--p 00000000 00:00 0                          [vvar]
7ffeb19a7000-7ffeb19a9000 r-xp 00000000 00:00 0                          [vdso]
ffffffffff600000-ffffffffff601000 r-xp 00000000 00:00 0                  [vsyscall]

VM Arguments:
jvm_args: -Djava.security.manager=worker.org.gradle.process.internal.worker.child.BootstrapSecurityManager -Dorg.gradle.native=false -javaagent:build/tmp/expandedArchives/org.jacoco.agent-0.7.1.201405082137.jar_914e71e1f0407d9c3c541d717900faad/jacocoagent.jar=destfile=build/jacoco/test.exec,append=true,dumponexit=true,output=file,jmx=false -Xmx512m -Dfile.encoding=UTF-8 -Duser.country=US -Duser.language=en -Duser.variant -ea 
java_command: worker.org.gradle.process.internal.worker.GradleWorkerMain 'Gradle Test Executor 27'
java_class_path (initial): /home/cramallo/.gradle/caches/5.5.1/workerMain/gradle-worker.jar:build/tmp/expandedArchives/org.jacoco.agent-0.7.1.201405082137.jar_914e71e1f0407d9c3c541d717900faad/jacocoagent.jar
Launcher Type: SUN_STANDARD

Environment Variables:
JAVA_HOME=/usr/lib/jvm/java-8-openjdk-amd64/jre
PATH=/home/cramallo/.sdkman/candidates/gradle/current/bin:/home/cramallo/bin:/home/cramallo/.local/bin:/usr/local/sbin:/usr/local/bin:/usr/sbin:/usr/bin:/sbin:/bin:/usr/games:/usr/local/games:/snap/bin:/usr/lib/jvm/default-java/bin
SHELL=/bin/bash
DISPLAY=:1

Signal Handlers:
SIGSEGV: [libjvm.so+0xa783e0], sa_mask[0]=11111111011111111101111111111110, sa_flags=SA_RESTART|SA_SIGINFO
SIGBUS: [libjvm.so+0xa783e0], sa_mask[0]=11111111011111111101111111111110, sa_flags=SA_RESTART|SA_SIGINFO
SIGFPE: [libjvm.so+0x8c0e10], sa_mask[0]=11111111011111111101111111111110, sa_flags=SA_RESTART|SA_SIGINFO
SIGPIPE: [libjvm.so+0x8c0e10], sa_mask[0]=11111111011111111101111111111110, sa_flags=SA_RESTART|SA_SIGINFO
SIGXFSZ: [libjvm.so+0x8c0e10], sa_mask[0]=11111111011111111101111111111110, sa_flags=SA_RESTART|SA_SIGINFO
SIGILL: [libjvm.so+0x8c0e10], sa_mask[0]=11111111011111111101111111111110, sa_flags=SA_RESTART|SA_SIGINFO
SIGUSR1: SIG_DFL, sa_mask[0]=00000000000000000000000000000000, sa_flags=none
SIGUSR2: [libjvm.so+0x8c0cc0], sa_mask[0]=00100000000000000000000000000000, sa_flags=SA_RESTART|SA_SIGINFO
SIGHUP: SIG_DFL, sa_mask[0]=00000000000000000000000000000000, sa_flags=none
SIGINT: SIG_DFL, sa_mask[0]=00000000000000000000000000000000, sa_flags=none
SIGTERM: SIG_DFL, sa_mask[0]=00000000000000000000000000000000, sa_flags=none
SIGQUIT: SIG_DFL, sa_mask[0]=00000000000000000000000000000000, sa_flags=none


---------------  S Y S T E M  ---------------

OS:DISTRIB_ID=Ubuntu
DISTRIB_RELEASE=16.04
DISTRIB_CODENAME=xenial
DISTRIB_DESCRIPTION="Ubuntu 16.04.6 LTS"

uname:Linux 4.15.0-66-generic #75~16.04.1-Ubuntu SMP Tue Oct 1 14:01:08 UTC 2019 x86_64
libc:glibc 2.23 NPTL 2.23 
rlimit: STACK 8192k, CORE 0k, NPROC 63412, NOFILE 1048576, AS infinity
load average:0.68 0.39 0.32

/proc/meminfo:
MemTotal:       16294200 kB
MemFree:          162332 kB
MemAvailable:      76184 kB
Buffers:           15696 kB
Cached:          1873696 kB
SwapCached:         3000 kB
Active:         14185952 kB
Inactive:        1324876 kB
Active(anon):   14139684 kB
Inactive(anon):  1285488 kB
Active(file):      46268 kB
Inactive(file):    39388 kB
Unevictable:         112 kB
Mlocked:             112 kB
SwapTotal:        998396 kB
SwapFree:              0 kB
Dirty:              1536 kB
Writeback:             0 kB
AnonPages:      13618932 kB
Mapped:          1520472 kB
Shmem:           1803692 kB
Slab:             201036 kB
SReclaimable:      76592 kB
SUnreclaim:       124444 kB
KernelStack:       41584 kB
PageTables:       230960 kB
NFS_Unstable:          0 kB
Bounce:                0 kB
WritebackTmp:          0 kB
CommitLimit:     9145496 kB
Committed_AS:   43135636 kB
VmallocTotal:   34359738367 kB
VmallocUsed:           0 kB
VmallocChunk:          0 kB
HardwareCorrupted:     0 kB
AnonHugePages:         0 kB
ShmemHugePages:        0 kB
ShmemPmdMapped:        0 kB
CmaTotal:              0 kB
CmaFree:               0 kB
HugePages_Total:       0
HugePages_Free:        0
HugePages_Rsvd:        0
HugePages_Surp:        0
Hugepagesize:       2048 kB
DirectMap4k:      575372 kB
DirectMap2M:    15022080 kB
DirectMap1G:     2097152 kB

container (cgroup) information:
container_type: cgroupv1
cpu_cpuset_cpus: 0-7
cpu_memory_nodes: 0
active_processor_count: 8
cpu_quota: -1
cpu_period: 100000
cpu_shares: -1
memory_limit_in_bytes: -1
memory_and_swap_limit_in_bytes: -2
memory_soft_limit_in_bytes: -1
memory_usage_in_bytes: 15883698176
memory_max_usage_in_bytes: 0


CPU:total 8 (initial active 8) (4 cores per cpu, 2 threads per core) family 6 model 60 stepping 3, cmov, cx8, fxsr, mmx, sse, sse2, sse3, ssse3, sse4.1, sse4.2, popcnt, avx, avx2, aes, clmul, erms, lzcnt, ht, tsc, tscinvbit, bmi1, bmi2

/proc/cpuinfo:
processor	: 0
vendor_id	: GenuineIntel
cpu family	: 6
model		: 60
model name	: Intel(R) Core(TM) i7-4790 CPU @ 3.60GHz
stepping	: 3
microcode	: 0x27
cpu MHz		: 3134.680
cache size	: 8192 KB
physical id	: 0
siblings	: 8
core id		: 0
cpu cores	: 4
apicid		: 0
initial apicid	: 0
fpu		: yes
fpu_exception	: yes
cpuid level	: 13
wp		: yes
flags		: fpu vme de pse tsc msr pae mce cx8 apic sep mtrr pge mca cmov pat pse36 clflush dts acpi mmx fxsr sse sse2 ss ht tm pbe syscall nx pdpe1gb rdtscp lm constant_tsc arch_perfmon pebs bts rep_good nopl xtopology nonstop_tsc cpuid aperfmperf pni pclmulqdq dtes64 monitor ds_cpl vmx smx est tm2 ssse3 sdbg fma cx16 xtpr pdcm pcid sse4_1 sse4_2 x2apic movbe popcnt tsc_deadline_timer aes xsave avx f16c rdrand lahf_lm abm cpuid_fault epb invpcid_single pti ssbd ibrs ibpb stibp tpr_shadow vnmi flexpriority ept vpid fsgsbase tsc_adjust bmi1 avx2 smep bmi2 erms invpcid xsaveopt dtherm ida arat pln pts md_clear flush_l1d
bugs		: cpu_meltdown spectre_v1 spectre_v2 spec_store_bypass l1tf mds swapgs
bogomips	: 7183.60
clflush size	: 64
cache_alignment	: 64
address sizes	: 39 bits physical, 48 bits virtual
power management:

processor	: 1
vendor_id	: GenuineIntel
cpu family	: 6
model		: 60
model name	: Intel(R) Core(TM) i7-4790 CPU @ 3.60GHz
stepping	: 3
microcode	: 0x27
cpu MHz		: 3326.240
cache size	: 8192 KB
physical id	: 0
siblings	: 8
core id		: 1
cpu cores	: 4
apicid		: 2
initial apicid	: 2
fpu		: yes
fpu_exception	: yes
cpuid level	: 13
wp		: yes
flags		: fpu vme de pse tsc msr pae mce cx8 apic sep mtrr pge mca cmov pat pse36 clflush dts acpi mmx fxsr sse sse2 ss ht tm pbe syscall nx pdpe1gb rdtscp lm constant_tsc arch_perfmon pebs bts rep_good nopl xtopology nonstop_tsc cpuid aperfmperf pni pclmulqdq dtes64 monitor ds_cpl vmx smx est tm2 ssse3 sdbg fma cx16 xtpr pdcm pcid sse4_1 sse4_2 x2apic movbe popcnt tsc_deadline_timer aes xsave avx f16c rdrand lahf_lm abm cpuid_fault epb invpcid_single pti ssbd ibrs ibpb stibp tpr_shadow vnmi flexpriority ept vpid fsgsbase tsc_adjust bmi1 avx2 smep bmi2 erms invpcid xsaveopt dtherm ida arat pln pts md_clear flush_l1d
bugs		: cpu_meltdown spectre_v1 spectre_v2 spec_store_bypass l1tf mds swapgs
bogomips	: 7183.60
clflush size	: 64
cache_alignment	: 64
address sizes	: 39 bits physical, 48 bits virtual
power management:

processor	: 2
vendor_id	: GenuineIntel
cpu family	: 6
model		: 60
model name	: Intel(R) Core(TM) i7-4790 CPU @ 3.60GHz
stepping	: 3
microcode	: 0x27
cpu MHz		: 3490.879
cache size	: 8192 KB
physical id	: 0
siblings	: 8
core id		: 2
cpu cores	: 4
apicid		: 4
initial apicid	: 4
fpu		: yes
fpu_exception	: yes
cpuid level	: 13
wp		: yes
flags		: fpu vme de pse tsc msr pae mce cx8 apic sep mtrr pge mca cmov pat pse36 clflush dts acpi mmx fxsr sse sse2 ss ht tm pbe syscall nx pdpe1gb rdtscp lm constant_tsc arch_perfmon pebs bts rep_good nopl xtopology nonstop_tsc cpuid aperfmperf pni pclmulqdq dtes64 monitor ds_cpl vmx smx est tm2 ssse3 sdbg fma cx16 xtpr pdcm pcid sse4_1 sse4_2 x2apic movbe popcnt tsc_deadline_timer aes xsave avx f16c rdrand lahf_lm abm cpuid_fault epb invpcid_single pti ssbd ibrs ibpb stibp tpr_shadow vnmi flexpriority ept vpid fsgsbase tsc_adjust bmi1 avx2 smep bmi2 erms invpcid xsaveopt dtherm ida arat pln pts md_clear flush_l1d
bugs		: cpu_meltdown spectre_v1 spectre_v2 spec_store_bypass l1tf mds swapgs
bogomips	: 7183.60
clflush size	: 64
cache_alignment	: 64
address sizes	: 39 bits physical, 48 bits virtual
power management:

processor	: 3
vendor_id	: GenuineIntel
cpu family	: 6
model		: 60
model name	: Intel(R) Core(TM) i7-4790 CPU @ 3.60GHz
stepping	: 3
microcode	: 0x27
cpu MHz		: 3378.471
cache size	: 8192 KB
physical id	: 0
siblings	: 8
core id		: 3
cpu cores	: 4
apicid		: 6
initial apicid	: 6
fpu		: yes
fpu_exception	: yes
cpuid level	: 13
wp		: yes
flags		: fpu vme de pse tsc msr pae mce cx8 apic sep mtrr pge mca cmov pat pse36 clflush dts acpi mmx fxsr sse sse2 ss ht tm pbe syscall nx pdpe1gb rdtscp lm constant_tsc arch_perfmon pebs bts rep_good nopl xtopology nonstop_tsc cpuid aperfmperf pni pclmulqdq dtes64 monitor ds_cpl vmx smx est tm2 ssse3 sdbg fma cx16 xtpr pdcm pcid sse4_1 sse4_2 x2apic movbe popcnt tsc_deadline_timer aes xsave avx f16c rdrand lahf_lm abm cpuid_fault epb invpcid_single pti ssbd ibrs ibpb stibp tpr_shadow vnmi flexpriority ept vpid fsgsbase tsc_adjust bmi1 avx2 smep bmi2 erms invpcid xsaveopt dtherm ida arat pln pts md_clear flush_l1d
bugs		: cpu_meltdown spectre_v1 spectre_v2 spec_store_bypass l1tf mds swapgs
bogomips	: 7183.60
clflush size	: 64
cache_alignment	: 64
address sizes	: 39 bits physical, 48 bits virtual
power management:

processor	: 4
vendor_id	: GenuineIntel
cpu family	: 6
model		: 60
model name	: Intel(R) Core(TM) i7-4790 CPU @ 3.60GHz
stepping	: 3
microcode	: 0x27
cpu MHz		: 2249.243
cache size	: 8192 KB
physical id	: 0
siblings	: 8
core id		: 0
cpu cores	: 4
apicid		: 1
initial apicid	: 1
fpu		: yes
fpu_exception	: yes
cpuid level	: 13
wp		: yes
flags		: fpu vme de pse tsc msr pae mce cx8 apic sep mtrr pge mca cmov pat pse36 clflush dts acpi mmx fxsr sse sse2 ss ht tm pbe syscall nx pdpe1gb rdtscp lm constant_tsc arch_perfmon pebs bts rep_good nopl xtopology nonstop_tsc cpuid aperfmperf pni pclmulqdq dtes64 monitor ds_cpl vmx smx est tm2 ssse3 sdbg fma cx16 xtpr pdcm pcid sse4_1 sse4_2 x2apic movbe popcnt tsc_deadline_timer aes xsave avx f16c rdrand lahf_lm abm cpuid_fault epb invpcid_single pti ssbd ibrs ibpb stibp tpr_shadow vnmi flexpriority ept vpid fsgsbase tsc_adjust bmi1 avx2 smep bmi2 erms invpcid xsaveopt dtherm ida arat pln pts md_clear flush_l1d
bugs		: cpu_meltdown spectre_v1 spectre_v2 spec_store_bypass l1tf mds swapgs
bogomips	: 7183.60
clflush size	: 64
cache_alignment	: 64
address sizes	: 39 bits physical, 48 bits virtual
power management:

processor	: 5
vendor_id	: GenuineIntel
cpu family	: 6
model		: 60
model name	: Intel(R) Core(TM) i7-4790 CPU @ 3.60GHz
stepping	: 3
microcode	: 0x27
cpu MHz		: 3439.774
cache size	: 8192 KB
physical id	: 0
siblings	: 8
core id		: 1
cpu cores	: 4
apicid		: 3
initial apicid	: 3
fpu		: yes
fpu_exception	: yes
cpuid level	: 13
wp		: yes
flags		: fpu vme de pse tsc msr pae mce cx8 apic sep mtrr pge mca cmov pat pse36 clflush dts acpi mmx fxsr sse sse2 ss ht tm pbe syscall nx pdpe1gb rdtscp lm constant_tsc arch_perfmon pebs bts rep_good nopl xtopology nonstop_tsc cpuid aperfmperf pni pclmulqdq dtes64 monitor ds_cpl vmx smx est tm2 ssse3 sdbg fma cx16 xtpr pdcm pcid sse4_1 sse4_2 x2apic movbe popcnt tsc_deadline_timer aes xsave avx f16c rdrand lahf_lm abm cpuid_fault epb invpcid_single pti ssbd ibrs ibpb stibp tpr_shadow vnmi flexpriority ept vpid fsgsbase tsc_adjust bmi1 avx2 smep bmi2 erms invpcid xsaveopt dtherm ida arat pln pts md_clear flush_l1d
bugs		: cpu_meltdown spectre_v1 spectre_v2 spec_store_bypass l1tf mds swapgs
bogomips	: 7183.60
clflush size	: 64
cache_alignment	: 64
address sizes	: 39 bits physical, 48 bits virtual
power management:

processor	: 6
vendor_id	: GenuineIntel
cpu family	: 6
model		: 60
model name	: Intel(R) Core(TM) i7-4790 CPU @ 3.60GHz
stepping	: 3
microcode	: 0x27
cpu MHz		: 2509.098
cache size	: 8192 KB
physical id	: 0
siblings	: 8
core id		: 2
cpu cores	: 4
apicid		: 5
initial apicid	: 5
fpu		: yes
fpu_exception	: yes
cpuid level	: 13
wp		: yes
flags		: fpu vme de pse tsc msr pae mce cx8 apic sep mtrr pge mca cmov pat pse36 clflush dts acpi mmx fxsr sse sse2 ss ht tm pbe syscall nx pdpe1gb rdtscp lm constant_tsc arch_perfmon pebs bts rep_good nopl xtopology nonstop_tsc cpuid aperfmperf pni pclmulqdq dtes64 monitor ds_cpl vmx smx est tm2 ssse3 sdbg fma cx16 xtpr pdcm pcid sse4_1 sse4_2 x2apic movbe popcnt tsc_deadline_timer aes xsave avx f16c rdrand lahf_lm abm cpuid_fault epb invpcid_single pti ssbd ibrs ibpb stibp tpr_shadow vnmi flexpriority ept vpid fsgsbase tsc_adjust bmi1 avx2 smep bmi2 erms invpcid xsaveopt dtherm ida arat pln pts md_clear flush_l1d
bugs		: cpu_meltdown spectre_v1 spectre_v2 spec_store_bypass l1tf mds swapgs
bogomips	: 7183.60
clflush size	: 64
cache_alignment	: 64
address sizes	: 39 bits physical, 48 bits virtual
power management:

processor	: 7
vendor_id	: GenuineIntel
cpu family	: 6
model		: 60
model name	: Intel(R) Core(TM) i7-4790 CPU @ 3.60GHz
stepping	: 3
microcode	: 0x27
cpu MHz		: 3371.210
cache size	: 8192 KB
physical id	: 0
siblings	: 8
core id		: 3
cpu cores	: 4
apicid		: 7
initial apicid	: 7
fpu		: yes
fpu_exception	: yes
cpuid level	: 13
wp		: yes
flags		: fpu vme de pse tsc msr pae mce cx8 apic sep mtrr pge mca cmov pat pse36 clflush dts acpi mmx fxsr sse sse2 ss ht tm pbe syscall nx pdpe1gb rdtscp lm constant_tsc arch_perfmon pebs bts rep_good nopl xtopology nonstop_tsc cpuid aperfmperf pni pclmulqdq dtes64 monitor ds_cpl vmx smx est tm2 ssse3 sdbg fma cx16 xtpr pdcm pcid sse4_1 sse4_2 x2apic movbe popcnt tsc_deadline_timer aes xsave avx f16c rdrand lahf_lm abm cpuid_fault epb invpcid_single pti ssbd ibrs ibpb stibp tpr_shadow vnmi flexpriority ept vpid fsgsbase tsc_adjust bmi1 avx2 smep bmi2 erms invpcid xsaveopt dtherm ida arat pln pts md_clear flush_l1d
bugs		: cpu_meltdown spectre_v1 spectre_v2 spec_store_bypass l1tf mds swapgs
bogomips	: 7183.60
clflush size	: 64
cache_alignment	: 64
address sizes	: 39 bits physical, 48 bits virtual
power management:



Memory: 4k page, physical 16294200k(162332k free), swap 998396k(0k free)

vm_info: OpenJDK 64-Bit Server VM (25.222-b10) for linux-amd64 JRE (1.8.0_222-8u222-b10-1ubuntu1~16.04.1-b10), built on Jul 18 2019 20:25:18 by "buildd" with gcc 5.4.0 20160609

time: Mon Nov 11 14:03:26 2019
timezone: -03
elapsed time: 0 seconds (0d 0h 0m 0s)

