#
# There is insufficient memory for the Java Runtime Environment to continue.
# Native memory allocation (mmap) failed to map 175112192 bytes for committing reserved memory.
# Possible reasons:
#   The system is out of physical RAM or swap space
#   The process is running with CompressedOops enabled, and the Java Heap may be blocking the growth of the native heap
# Possible solutions:
#   Reduce memory load on the system
#   Increase physical memory or swap space
#   Check if swap backing store is full
#   Decrease Java heap size (-Xmx/-Xms)
#   Decrease number of Java threads
#   Decrease Java thread stack sizes (-Xss)
#   Set larger code cache with -XX:ReservedCodeCacheSize=
# This output file may be truncated or incomplete.
#
#  Out of Memory Error (os_linux.cpp:2757), pid=7145, tid=0x00007f6404369700
#
# JRE version:  (8.0_222-b10) (build )
# Java VM: OpenJDK 64-Bit Server VM (25.222-b10 mixed mode linux-amd64 compressed oops)
# Failed to write core dump. Core dumps have been disabled. To enable core dumping, try "ulimit -c unlimited" before starting Java again
#

---------------  T H R E A D  ---------------

Current thread (0x00007f63fc00c000):  JavaThread "Unknown thread" [_thread_in_vm, id=7147, stack(0x00007f6404269000,0x00007f640436a000)]

Stack: [0x00007f6404269000,0x00007f640436a000],  sp=0x00007f6404368660,  free space=1021k
Native frames: (J=compiled Java code, j=interpreted, Vv=VM code, C=native code)
V  [libjvm.so+0xa7787b]
V  [libjvm.so+0x4caa8c]
V  [libjvm.so+0x8c5da8]
V  [libjvm.so+0x8bd3ee]
V  [libjvm.so+0x93b476]
V  [libjvm.so+0x92bfe3]
V  [libjvm.so+0x2b0a41]
V  [libjvm.so+0x8eb509]
V  [libjvm.so+0xa3b449]
V  [libjvm.so+0xa3b692]
V  [libjvm.so+0x6159df]
V  [libjvm.so+0xa20abb]
V  [libjvm.so+0x690402]  JNI_CreateJavaVM+0x62
C  [libjli.so+0x2ebf]
C  [libjli.so+0x737d]
C  [libpthread.so.0+0x76ba]  start_thread+0xca


---------------  P R O C E S S  ---------------

Java Threads: ( => current thread )

Other Threads:

=>0x00007f63fc00c000 (exited) JavaThread "Unknown thread" [_thread_in_vm, id=7147, stack(0x00007f6404269000,0x00007f640436a000)]

VM state:not at safepoint (not fully initialized)

VM Mutex/Monitor currently owned by a thread: None

heap address: 0x00000000e0000000, size: 512 MB, Compressed Oops mode: Non-zero based:0x00000000dffff000
Narrow klass base: 0x0000000000000000, Narrow klass shift: 0

GC Heap History (0 events):
No events

Deoptimization events (0 events):
No events

Classes redefined (0 events):
No events

Internal exceptions (0 events):
No events

Events (0 events):
No events


Dynamic libraries:
00400000-00401000 r-xp 00000000 08:01 7083361                            /usr/lib/jvm/java-8-openjdk-amd64/jre/bin/java
00600000-00601000 r--p 00000000 08:01 7083361                            /usr/lib/jvm/java-8-openjdk-amd64/jre/bin/java
00601000-00602000 rw-p 00001000 08:01 7083361                            /usr/lib/jvm/java-8-openjdk-amd64/jre/bin/java
01fd7000-01ff8000 rw-p 00000000 00:00 0                                  [heap]
ea700000-f5580000 ---p 00000000 00:00 0 
f5580000-fa880000 rw-p 00000000 00:00 0 
fa880000-100000000 ---p 00000000 00:00 0 
7f63ed000000-7f63ed270000 rwxp 00000000 00:00 0 
7f63ed270000-7f63fc000000 ---p 00000000 00:00 0 
7f63fc000000-7f63fc034000 rw-p 00000000 00:00 0 
7f63fc034000-7f6400000000 ---p 00000000 00:00 0 
7f6400605000-7f64006af000 ---p 00000000 00:00 0 
7f64006af000-7f64006da000 rw-p 00000000 00:00 0 
7f64006da000-7f6400705000 ---p 00000000 00:00 0 
7f6400705000-7f6400710000 rw-p 00000000 00:00 0 
7f6400710000-7f6400ac6000 ---p 00000000 00:00 0 
7f6400ac6000-7f6400ace000 r-xp 00000000 08:01 7090552                    /usr/lib/jvm/java-8-openjdk-amd64/jre/lib/amd64/libzip.so
7f6400ace000-7f6400ccd000 ---p 00008000 08:01 7090552                    /usr/lib/jvm/java-8-openjdk-amd64/jre/lib/amd64/libzip.so
7f6400ccd000-7f6400cce000 r--p 00007000 08:01 7090552                    /usr/lib/jvm/java-8-openjdk-amd64/jre/lib/amd64/libzip.so
7f6400cce000-7f6400ccf000 rw-p 00008000 08:01 7090552                    /usr/lib/jvm/java-8-openjdk-amd64/jre/lib/amd64/libzip.so
7f6400ccf000-7f6400cda000 r-xp 00000000 08:01 2883679                    /lib/x86_64-linux-gnu/libnss_files-2.23.so
7f6400cda000-7f6400ed9000 ---p 0000b000 08:01 2883679                    /lib/x86_64-linux-gnu/libnss_files-2.23.so
7f6400ed9000-7f6400eda000 r--p 0000a000 08:01 2883679                    /lib/x86_64-linux-gnu/libnss_files-2.23.so
7f6400eda000-7f6400edb000 rw-p 0000b000 08:01 2883679                    /lib/x86_64-linux-gnu/libnss_files-2.23.so
7f6400edb000-7f6400ee1000 rw-p 00000000 00:00 0 
7f6400ee1000-7f6400eec000 r-xp 00000000 08:01 2883672                    /lib/x86_64-linux-gnu/libnss_nis-2.23.so
7f6400eec000-7f64010eb000 ---p 0000b000 08:01 2883672                    /lib/x86_64-linux-gnu/libnss_nis-2.23.so
7f64010eb000-7f64010ec000 r--p 0000a000 08:01 2883672                    /lib/x86_64-linux-gnu/libnss_nis-2.23.so
7f64010ec000-7f64010ed000 rw-p 0000b000 08:01 2883672                    /lib/x86_64-linux-gnu/libnss_nis-2.23.so
7f64010ed000-7f6401103000 r-xp 00000000 08:01 2883677                    /lib/x86_64-linux-gnu/libnsl-2.23.so
7f6401103000-7f6401302000 ---p 00016000 08:01 2883677                    /lib/x86_64-linux-gnu/libnsl-2.23.so
7f6401302000-7f6401303000 r--p 00015000 08:01 2883677                    /lib/x86_64-linux-gnu/libnsl-2.23.so
7f6401303000-7f6401304000 rw-p 00016000 08:01 2883677                    /lib/x86_64-linux-gnu/libnsl-2.23.so
7f6401304000-7f6401306000 rw-p 00000000 00:00 0 
7f6401306000-7f640130e000 r-xp 00000000 08:01 2888234                    /lib/x86_64-linux-gnu/libnss_compat-2.23.so
7f640130e000-7f640150d000 ---p 00008000 08:01 2888234                    /lib/x86_64-linux-gnu/libnss_compat-2.23.so
7f640150d000-7f640150e000 r--p 00007000 08:01 2888234                    /lib/x86_64-linux-gnu/libnss_compat-2.23.so
7f640150e000-7f640150f000 rw-p 00008000 08:01 2888234                    /lib/x86_64-linux-gnu/libnss_compat-2.23.so
7f640150f000-7f6401519000 r-xp 00000000 08:01 7090559                    /usr/lib/jvm/java-8-openjdk-amd64/jre/lib/amd64/libinstrument.so
7f6401519000-7f6401718000 ---p 0000a000 08:01 7090559                    /usr/lib/jvm/java-8-openjdk-amd64/jre/lib/amd64/libinstrument.so
7f6401718000-7f6401719000 r--p 00009000 08:01 7090559                    /usr/lib/jvm/java-8-openjdk-amd64/jre/lib/amd64/libinstrument.so
7f6401719000-7f640171a000 rw-p 0000a000 08:01 7090559                    /usr/lib/jvm/java-8-openjdk-amd64/jre/lib/amd64/libinstrument.so
7f640171a000-7f6401743000 r-xp 00000000 08:01 7090536                    /usr/lib/jvm/java-8-openjdk-amd64/jre/lib/amd64/libjava.so
7f6401743000-7f6401942000 ---p 00029000 08:01 7090536                    /usr/lib/jvm/java-8-openjdk-amd64/jre/lib/amd64/libjava.so
7f6401942000-7f6401943000 r--p 00028000 08:01 7090536                    /usr/lib/jvm/java-8-openjdk-amd64/jre/lib/amd64/libjava.so
7f6401943000-7f6401945000 rw-p 00029000 08:01 7090536                    /usr/lib/jvm/java-8-openjdk-amd64/jre/lib/amd64/libjava.so
7f6401945000-7f6401954000 r-xp 00000000 08:01 7090554                    /usr/lib/jvm/java-8-openjdk-amd64/jre/lib/amd64/libverify.so
7f6401954000-7f6401b53000 ---p 0000f000 08:01 7090554                    /usr/lib/jvm/java-8-openjdk-amd64/jre/lib/amd64/libverify.so
7f6401b53000-7f6401b55000 r--p 0000e000 08:01 7090554                    /usr/lib/jvm/java-8-openjdk-amd64/jre/lib/amd64/libverify.so
7f6401b55000-7f6401b56000 rw-p 00010000 08:01 7090554                    /usr/lib/jvm/java-8-openjdk-amd64/jre/lib/amd64/libverify.so
7f6401b56000-7f6401b5d000 r-xp 00000000 08:01 2883609                    /lib/x86_64-linux-gnu/librt-2.23.so
7f6401b5d000-7f6401d5c000 ---p 00007000 08:01 2883609                    /lib/x86_64-linux-gnu/librt-2.23.so
7f6401d5c000-7f6401d5d000 r--p 00006000 08:01 2883609                    /lib/x86_64-linux-gnu/librt-2.23.so
7f6401d5d000-7f6401d5e000 rw-p 00007000 08:01 2883609                    /lib/x86_64-linux-gnu/librt-2.23.so
7f6401d5e000-7f6401d74000 r-xp 00000000 08:01 2888319                    /lib/x86_64-linux-gnu/libgcc_s.so.1
7f6401d74000-7f6401f73000 ---p 00016000 08:01 2888319                    /lib/x86_64-linux-gnu/libgcc_s.so.1
7f6401f73000-7f6401f74000 rw-p 00015000 08:01 2888319                    /lib/x86_64-linux-gnu/libgcc_s.so.1
7f6401f74000-7f640207c000 r-xp 00000000 08:01 2888299                    /lib/x86_64-linux-gnu/libm-2.23.so
7f640207c000-7f640227b000 ---p 00108000 08:01 2888299                    /lib/x86_64-linux-gnu/libm-2.23.so
7f640227b000-7f640227c000 r--p 00107000 08:01 2888299                    /lib/x86_64-linux-gnu/libm-2.23.so
7f640227c000-7f640227d000 rw-p 00108000 08:01 2888299                    /lib/x86_64-linux-gnu/libm-2.23.so
7f640227d000-7f64023ef000 r-xp 00000000 08:01 7078279                    /usr/lib/x86_64-linux-gnu/libstdc++.so.6.0.21
7f64023ef000-7f64025ef000 ---p 00172000 08:01 7078279                    /usr/lib/x86_64-linux-gnu/libstdc++.so.6.0.21
7f64025ef000-7f64025f9000 r--p 00172000 08:01 7078279                    /usr/lib/x86_64-linux-gnu/libstdc++.so.6.0.21
7f64025f9000-7f64025fb000 rw-p 0017c000 08:01 7078279                    /usr/lib/x86_64-linux-gnu/libstdc++.so.6.0.21
7f64025fb000-7f64025ff000 rw-p 00000000 00:00 0 
7f64025ff000-7f6403263000 r-xp 00000000 08:01 7090565                    /usr/lib/jvm/java-8-openjdk-amd64/jre/lib/amd64/server/libjvm.so
7f6403263000-7f6403462000 ---p 00c64000 08:01 7090565                    /usr/lib/jvm/java-8-openjdk-amd64/jre/lib/amd64/server/libjvm.so
7f6403462000-7f64034f6000 r--p 00c63000 08:01 7090565                    /usr/lib/jvm/java-8-openjdk-amd64/jre/lib/amd64/server/libjvm.so
7f64034f6000-7f640351f000 rw-p 00cf7000 08:01 7090565                    /usr/lib/jvm/java-8-openjdk-amd64/jre/lib/amd64/server/libjvm.so
7f640351f000-7f640354f000 rw-p 00000000 00:00 0 
7f640354f000-7f6403567000 r-xp 00000000 08:01 2883669                    /lib/x86_64-linux-gnu/libpthread-2.23.so
7f6403567000-7f6403766000 ---p 00018000 08:01 2883669                    /lib/x86_64-linux-gnu/libpthread-2.23.so
7f6403766000-7f6403767000 r--p 00017000 08:01 2883669                    /lib/x86_64-linux-gnu/libpthread-2.23.so
7f6403767000-7f6403768000 rw-p 00018000 08:01 2883669                    /lib/x86_64-linux-gnu/libpthread-2.23.so
7f6403768000-7f640376c000 rw-p 00000000 00:00 0 
7f640376c000-7f640376f000 r-xp 00000000 08:01 2883667                    /lib/x86_64-linux-gnu/libdl-2.23.so
7f640376f000-7f640396e000 ---p 00003000 08:01 2883667                    /lib/x86_64-linux-gnu/libdl-2.23.so
7f640396e000-7f640396f000 r--p 00002000 08:01 2883667                    /lib/x86_64-linux-gnu/libdl-2.23.so
7f640396f000-7f6403970000 rw-p 00003000 08:01 2883667                    /lib/x86_64-linux-gnu/libdl-2.23.so
7f6403970000-7f6403989000 r-xp 00000000 08:01 2888472                    /lib/x86_64-linux-gnu/libz.so.1.2.8
7f6403989000-7f6403b88000 ---p 00019000 08:01 2888472                    /lib/x86_64-linux-gnu/libz.so.1.2.8
7f6403b88000-7f6403b89000 r--p 00018000 08:01 2888472                    /lib/x86_64-linux-gnu/libz.so.1.2.8
7f6403b89000-7f6403b8a000 rw-p 00019000 08:01 2888472                    /lib/x86_64-linux-gnu/libz.so.1.2.8
7f6403b8a000-7f6403d4a000 r-xp 00000000 08:01 2888179                    /lib/x86_64-linux-gnu/libc-2.23.so
7f6403d4a000-7f6403f4a000 ---p 001c0000 08:01 2888179                    /lib/x86_64-linux-gnu/libc-2.23.so
7f6403f4a000-7f6403f4e000 r--p 001c0000 08:01 2888179                    /lib/x86_64-linux-gnu/libc-2.23.so
7f6403f4e000-7f6403f50000 rw-p 001c4000 08:01 2888179                    /lib/x86_64-linux-gnu/libc-2.23.so
7f6403f50000-7f6403f54000 rw-p 00000000 00:00 0 
7f6403f54000-7f6403f61000 r-xp 00000000 08:01 7090546                    /usr/lib/jvm/java-8-openjdk-amd64/jre/lib/amd64/jli/libjli.so
7f6403f61000-7f6404160000 ---p 0000d000 08:01 7090546                    /usr/lib/jvm/java-8-openjdk-amd64/jre/lib/amd64/jli/libjli.so
7f6404160000-7f6404161000 r--p 0000c000 08:01 7090546                    /usr/lib/jvm/java-8-openjdk-amd64/jre/lib/amd64/jli/libjli.so
7f6404161000-7f6404162000 rw-p 0000d000 08:01 7090546                    /usr/lib/jvm/java-8-openjdk-amd64/jre/lib/amd64/jli/libjli.so
7f6404162000-7f6404188000 r-xp 00000000 08:01 2883668                    /lib/x86_64-linux-gnu/ld-2.23.so
7f6404269000-7f640426c000 ---p 00000000 00:00 0 
7f640426c000-7f640436e000 rw-p 00000000 00:00 0 
7f640437c000-7f6404384000 rw-s 00000000 08:01 9569232                    /tmp/hsperfdata_cramallo/7145
7f6404384000-7f6404385000 rw-p 00000000 00:00 0 
7f6404385000-7f6404386000 r--p 00000000 00:00 0 
7f6404386000-7f6404387000 rw-p 00000000 00:00 0 
7f6404387000-7f6404388000 r--p 00025000 08:01 2883668                    /lib/x86_64-linux-gnu/ld-2.23.so
7f6404388000-7f6404389000 rw-p 00026000 08:01 2883668                    /lib/x86_64-linux-gnu/ld-2.23.so
7f6404389000-7f640438a000 rw-p 00000000 00:00 0 
7fffd250a000-7fffd252c000 rw-p 00000000 00:00 0                          [stack]
7fffd2547000-7fffd254a000 r--p 00000000 00:00 0                          [vvar]
7fffd254a000-7fffd254c000 r-xp 00000000 00:00 0                          [vdso]
ffffffffff600000-ffffffffff601000 r-xp 00000000 00:00 0                  [vsyscall]

VM Arguments:
jvm_args: -Djava.security.manager=worker.org.gradle.process.internal.worker.child.BootstrapSecurityManager -Dorg.gradle.native=false -javaagent:build/tmp/expandedArchives/org.jacoco.agent-0.7.1.201405082137.jar_914e71e1f0407d9c3c541d717900faad/jacocoagent.jar=destfile=build/jacoco/test.exec,append=true,dumponexit=true,output=file,jmx=false -Xmx512m -Dfile.encoding=UTF-8 -Duser.country=US -Duser.language=en -Duser.variant -ea 
java_command: worker.org.gradle.process.internal.worker.GradleWorkerMain 'Gradle Test Executor 24'
java_class_path (initial): /home/cramallo/.gradle/caches/5.5.1/workerMain/gradle-worker.jar:build/tmp/expandedArchives/org.jacoco.agent-0.7.1.201405082137.jar_914e71e1f0407d9c3c541d717900faad/jacocoagent.jar
Launcher Type: SUN_STANDARD

Environment Variables:
JAVA_HOME=/usr/lib/jvm/java-8-openjdk-amd64/jre
PATH=/home/cramallo/.sdkman/candidates/gradle/current/bin:/home/cramallo/bin:/home/cramallo/.local/bin:/usr/local/sbin:/usr/local/bin:/usr/sbin:/usr/bin:/sbin:/bin:/usr/games:/usr/local/games:/snap/bin:/usr/lib/jvm/default-java/bin
SHELL=/bin/bash
DISPLAY=:1

Signal Handlers:
SIGSEGV: [libjvm.so+0xa783e0], sa_mask[0]=11111111011111111101111111111110, sa_flags=SA_RESTART|SA_SIGINFO
SIGBUS: [libjvm.so+0xa783e0], sa_mask[0]=11111111011111111101111111111110, sa_flags=SA_RESTART|SA_SIGINFO
SIGFPE: [libjvm.so+0x8c0e10], sa_mask[0]=11111111011111111101111111111110, sa_flags=SA_RESTART|SA_SIGINFO
SIGPIPE: [libjvm.so+0x8c0e10], sa_mask[0]=11111111011111111101111111111110, sa_flags=SA_RESTART|SA_SIGINFO
SIGXFSZ: [libjvm.so+0x8c0e10], sa_mask[0]=11111111011111111101111111111110, sa_flags=SA_RESTART|SA_SIGINFO
SIGILL: [libjvm.so+0x8c0e10], sa_mask[0]=11111111011111111101111111111110, sa_flags=SA_RESTART|SA_SIGINFO
SIGUSR1: SIG_DFL, sa_mask[0]=00000000000000000000000000000000, sa_flags=none
SIGUSR2: [libjvm.so+0x8c0cc0], sa_mask[0]=00100000000000000000000000000000, sa_flags=SA_RESTART|SA_SIGINFO
SIGHUP: SIG_DFL, sa_mask[0]=00000000000000000000000000000000, sa_flags=none
SIGINT: SIG_DFL, sa_mask[0]=00000000000000000000000000000000, sa_flags=none
SIGTERM: SIG_DFL, sa_mask[0]=00000000000000000000000000000000, sa_flags=none
SIGQUIT: SIG_DFL, sa_mask[0]=00000000000000000000000000000000, sa_flags=none


---------------  S Y S T E M  ---------------

OS:DISTRIB_ID=Ubuntu
DISTRIB_RELEASE=16.04
DISTRIB_CODENAME=xenial
DISTRIB_DESCRIPTION="Ubuntu 16.04.6 LTS"

uname:Linux 4.15.0-66-generic #75~16.04.1-Ubuntu SMP Tue Oct 1 14:01:08 UTC 2019 x86_64
libc:glibc 2.23 NPTL 2.23 
rlimit: STACK 8192k, CORE 0k, NPROC 63412, NOFILE 1048576, AS infinity
load average:1.13 0.44 0.34

/proc/meminfo:
MemTotal:       16294200 kB
MemFree:          150464 kB
MemAvailable:      71220 kB
Buffers:           11188 kB
Cached:          1893568 kB
SwapCached:         3000 kB
Active:         14185272 kB
Inactive:        1333428 kB
Active(anon):   14133916 kB
Inactive(anon):  1285060 kB
Active(file):      51356 kB
Inactive(file):    48368 kB
Unevictable:         112 kB
Mlocked:             112 kB
SwapTotal:        998396 kB
SwapFree:              0 kB
Dirty:              1428 kB
Writeback:             0 kB
AnonPages:      13612288 kB
Mapped:          1524380 kB
Shmem:           1803888 kB
Slab:             200816 kB
SReclaimable:      76344 kB
SUnreclaim:       124472 kB
KernelStack:       41552 kB
PageTables:       230972 kB
NFS_Unstable:          0 kB
Bounce:                0 kB
WritebackTmp:          0 kB
CommitLimit:     9145496 kB
Committed_AS:   43129544 kB
VmallocTotal:   34359738367 kB
VmallocUsed:           0 kB
VmallocChunk:          0 kB
HardwareCorrupted:     0 kB
AnonHugePages:         0 kB
ShmemHugePages:        0 kB
ShmemPmdMapped:        0 kB
CmaTotal:              0 kB
CmaFree:               0 kB
HugePages_Total:       0
HugePages_Free:        0
HugePages_Rsvd:        0
HugePages_Surp:        0
Hugepagesize:       2048 kB
DirectMap4k:      575372 kB
DirectMap2M:    15022080 kB
DirectMap1G:     2097152 kB

container (cgroup) information:
container_type: cgroupv1
cpu_cpuset_cpus: 0-7
cpu_memory_nodes: 0
active_processor_count: 8
cpu_quota: -1
cpu_period: 100000
cpu_shares: -1
memory_limit_in_bytes: -1
memory_and_swap_limit_in_bytes: -2
memory_soft_limit_in_bytes: -1
memory_usage_in_bytes: 15892307968
memory_max_usage_in_bytes: 0


CPU:total 8 (initial active 8) (4 cores per cpu, 2 threads per core) family 6 model 60 stepping 3, cmov, cx8, fxsr, mmx, sse, sse2, sse3, ssse3, sse4.1, sse4.2, popcnt, avx, avx2, aes, clmul, erms, lzcnt, ht, tsc, tscinvbit, bmi1, bmi2

/proc/cpuinfo:
processor	: 0
vendor_id	: GenuineIntel
cpu family	: 6
model		: 60
model name	: Intel(R) Core(TM) i7-4790 CPU @ 3.60GHz
stepping	: 3
microcode	: 0x27
cpu MHz		: 3790.680
cache size	: 8192 KB
physical id	: 0
siblings	: 8
core id		: 0
cpu cores	: 4
apicid		: 0
initial apicid	: 0
fpu		: yes
fpu_exception	: yes
cpuid level	: 13
wp		: yes
flags		: fpu vme de pse tsc msr pae mce cx8 apic sep mtrr pge mca cmov pat pse36 clflush dts acpi mmx fxsr sse sse2 ss ht tm pbe syscall nx pdpe1gb rdtscp lm constant_tsc arch_perfmon pebs bts rep_good nopl xtopology nonstop_tsc cpuid aperfmperf pni pclmulqdq dtes64 monitor ds_cpl vmx smx est tm2 ssse3 sdbg fma cx16 xtpr pdcm pcid sse4_1 sse4_2 x2apic movbe popcnt tsc_deadline_timer aes xsave avx f16c rdrand lahf_lm abm cpuid_fault epb invpcid_single pti ssbd ibrs ibpb stibp tpr_shadow vnmi flexpriority ept vpid fsgsbase tsc_adjust bmi1 avx2 smep bmi2 erms invpcid xsaveopt dtherm ida arat pln pts md_clear flush_l1d
bugs		: cpu_meltdown spectre_v1 spectre_v2 spec_store_bypass l1tf mds swapgs
bogomips	: 7183.60
clflush size	: 64
cache_alignment	: 64
address sizes	: 39 bits physical, 48 bits virtual
power management:

processor	: 1
vendor_id	: GenuineIntel
cpu family	: 6
model		: 60
model name	: Intel(R) Core(TM) i7-4790 CPU @ 3.60GHz
stepping	: 3
microcode	: 0x27
cpu MHz		: 3789.994
cache size	: 8192 KB
physical id	: 0
siblings	: 8
core id		: 1
cpu cores	: 4
apicid		: 2
initial apicid	: 2
fpu		: yes
fpu_exception	: yes
cpuid level	: 13
wp		: yes
flags		: fpu vme de pse tsc msr pae mce cx8 apic sep mtrr pge mca cmov pat pse36 clflush dts acpi mmx fxsr sse sse2 ss ht tm pbe syscall nx pdpe1gb rdtscp lm constant_tsc arch_perfmon pebs bts rep_good nopl xtopology nonstop_tsc cpuid aperfmperf pni pclmulqdq dtes64 monitor ds_cpl vmx smx est tm2 ssse3 sdbg fma cx16 xtpr pdcm pcid sse4_1 sse4_2 x2apic movbe popcnt tsc_deadline_timer aes xsave avx f16c rdrand lahf_lm abm cpuid_fault epb invpcid_single pti ssbd ibrs ibpb stibp tpr_shadow vnmi flexpriority ept vpid fsgsbase tsc_adjust bmi1 avx2 smep bmi2 erms invpcid xsaveopt dtherm ida arat pln pts md_clear flush_l1d
bugs		: cpu_meltdown spectre_v1 spectre_v2 spec_store_bypass l1tf mds swapgs
bogomips	: 7183.60
clflush size	: 64
cache_alignment	: 64
address sizes	: 39 bits physical, 48 bits virtual
power management:

processor	: 2
vendor_id	: GenuineIntel
cpu family	: 6
model		: 60
model name	: Intel(R) Core(TM) i7-4790 CPU @ 3.60GHz
stepping	: 3
microcode	: 0x27
cpu MHz		: 3790.282
cache size	: 8192 KB
physical id	: 0
siblings	: 8
core id		: 2
cpu cores	: 4
apicid		: 4
initial apicid	: 4
fpu		: yes
fpu_exception	: yes
cpuid level	: 13
wp		: yes
flags		: fpu vme de pse tsc msr pae mce cx8 apic sep mtrr pge mca cmov pat pse36 clflush dts acpi mmx fxsr sse sse2 ss ht tm pbe syscall nx pdpe1gb rdtscp lm constant_tsc arch_perfmon pebs bts rep_good nopl xtopology nonstop_tsc cpuid aperfmperf pni pclmulqdq dtes64 monitor ds_cpl vmx smx est tm2 ssse3 sdbg fma cx16 xtpr pdcm pcid sse4_1 sse4_2 x2apic movbe popcnt tsc_deadline_timer aes xsave avx f16c rdrand lahf_lm abm cpuid_fault epb invpcid_single pti ssbd ibrs ibpb stibp tpr_shadow vnmi flexpriority ept vpid fsgsbase tsc_adjust bmi1 avx2 smep bmi2 erms invpcid xsaveopt dtherm ida arat pln pts md_clear flush_l1d
bugs		: cpu_meltdown spectre_v1 spectre_v2 spec_store_bypass l1tf mds swapgs
bogomips	: 7183.60
clflush size	: 64
cache_alignment	: 64
address sizes	: 39 bits physical, 48 bits virtual
power management:

processor	: 3
vendor_id	: GenuineIntel
cpu family	: 6
model		: 60
model name	: Intel(R) Core(TM) i7-4790 CPU @ 3.60GHz
stepping	: 3
microcode	: 0x27
cpu MHz		: 3790.283
cache size	: 8192 KB
physical id	: 0
siblings	: 8
core id		: 3
cpu cores	: 4
apicid		: 6
initial apicid	: 6
fpu		: yes
fpu_exception	: yes
cpuid level	: 13
wp		: yes
flags		: fpu vme de pse tsc msr pae mce cx8 apic sep mtrr pge mca cmov pat pse36 clflush dts acpi mmx fxsr sse sse2 ss ht tm pbe syscall nx pdpe1gb rdtscp lm constant_tsc arch_perfmon pebs bts rep_good nopl xtopology nonstop_tsc cpuid aperfmperf pni pclmulqdq dtes64 monitor ds_cpl vmx smx est tm2 ssse3 sdbg fma cx16 xtpr pdcm pcid sse4_1 sse4_2 x2apic movbe popcnt tsc_deadline_timer aes xsave avx f16c rdrand lahf_lm abm cpuid_fault epb invpcid_single pti ssbd ibrs ibpb stibp tpr_shadow vnmi flexpriority ept vpid fsgsbase tsc_adjust bmi1 avx2 smep bmi2 erms invpcid xsaveopt dtherm ida arat pln pts md_clear flush_l1d
bugs		: cpu_meltdown spectre_v1 spectre_v2 spec_store_bypass l1tf mds swapgs
bogomips	: 7183.60
clflush size	: 64
cache_alignment	: 64
address sizes	: 39 bits physical, 48 bits virtual
power management:

processor	: 4
vendor_id	: GenuineIntel
cpu family	: 6
model		: 60
model name	: Intel(R) Core(TM) i7-4790 CPU @ 3.60GHz
stepping	: 3
microcode	: 0x27
cpu MHz		: 3790.281
cache size	: 8192 KB
physical id	: 0
siblings	: 8
core id		: 0
cpu cores	: 4
apicid		: 1
initial apicid	: 1
fpu		: yes
fpu_exception	: yes
cpuid level	: 13
wp		: yes
flags		: fpu vme de pse tsc msr pae mce cx8 apic sep mtrr pge mca cmov pat pse36 clflush dts acpi mmx fxsr sse sse2 ss ht tm pbe syscall nx pdpe1gb rdtscp lm constant_tsc arch_perfmon pebs bts rep_good nopl xtopology nonstop_tsc cpuid aperfmperf pni pclmulqdq dtes64 monitor ds_cpl vmx smx est tm2 ssse3 sdbg fma cx16 xtpr pdcm pcid sse4_1 sse4_2 x2apic movbe popcnt tsc_deadline_timer aes xsave avx f16c rdrand lahf_lm abm cpuid_fault epb invpcid_single pti ssbd ibrs ibpb stibp tpr_shadow vnmi flexpriority ept vpid fsgsbase tsc_adjust bmi1 avx2 smep bmi2 erms invpcid xsaveopt dtherm ida arat pln pts md_clear flush_l1d
bugs		: cpu_meltdown spectre_v1 spectre_v2 spec_store_bypass l1tf mds swapgs
bogomips	: 7183.60
clflush size	: 64
cache_alignment	: 64
address sizes	: 39 bits physical, 48 bits virtual
power management:

processor	: 5
vendor_id	: GenuineIntel
cpu family	: 6
model		: 60
model name	: Intel(R) Core(TM) i7-4790 CPU @ 3.60GHz
stepping	: 3
microcode	: 0x27
cpu MHz		: 3790.280
cache size	: 8192 KB
physical id	: 0
siblings	: 8
core id		: 1
cpu cores	: 4
apicid		: 3
initial apicid	: 3
fpu		: yes
fpu_exception	: yes
cpuid level	: 13
wp		: yes
flags		: fpu vme de pse tsc msr pae mce cx8 apic sep mtrr pge mca cmov pat pse36 clflush dts acpi mmx fxsr sse sse2 ss ht tm pbe syscall nx pdpe1gb rdtscp lm constant_tsc arch_perfmon pebs bts rep_good nopl xtopology nonstop_tsc cpuid aperfmperf pni pclmulqdq dtes64 monitor ds_cpl vmx smx est tm2 ssse3 sdbg fma cx16 xtpr pdcm pcid sse4_1 sse4_2 x2apic movbe popcnt tsc_deadline_timer aes xsave avx f16c rdrand lahf_lm abm cpuid_fault epb invpcid_single pti ssbd ibrs ibpb stibp tpr_shadow vnmi flexpriority ept vpid fsgsbase tsc_adjust bmi1 avx2 smep bmi2 erms invpcid xsaveopt dtherm ida arat pln pts md_clear flush_l1d
bugs		: cpu_meltdown spectre_v1 spectre_v2 spec_store_bypass l1tf mds swapgs
bogomips	: 7183.60
clflush size	: 64
cache_alignment	: 64
address sizes	: 39 bits physical, 48 bits virtual
power management:

processor	: 6
vendor_id	: GenuineIntel
cpu family	: 6
model		: 60
model name	: Intel(R) Core(TM) i7-4790 CPU @ 3.60GHz
stepping	: 3
microcode	: 0x27
cpu MHz		: 3790.712
cache size	: 8192 KB
physical id	: 0
siblings	: 8
core id		: 2
cpu cores	: 4
apicid		: 5
initial apicid	: 5
fpu		: yes
fpu_exception	: yes
cpuid level	: 13
wp		: yes
flags		: fpu vme de pse tsc msr pae mce cx8 apic sep mtrr pge mca cmov pat pse36 clflush dts acpi mmx fxsr sse sse2 ss ht tm pbe syscall nx pdpe1gb rdtscp lm constant_tsc arch_perfmon pebs bts rep_good nopl xtopology nonstop_tsc cpuid aperfmperf pni pclmulqdq dtes64 monitor ds_cpl vmx smx est tm2 ssse3 sdbg fma cx16 xtpr pdcm pcid sse4_1 sse4_2 x2apic movbe popcnt tsc_deadline_timer aes xsave avx f16c rdrand lahf_lm abm cpuid_fault epb invpcid_single pti ssbd ibrs ibpb stibp tpr_shadow vnmi flexpriority ept vpid fsgsbase tsc_adjust bmi1 avx2 smep bmi2 erms invpcid xsaveopt dtherm ida arat pln pts md_clear flush_l1d
bugs		: cpu_meltdown spectre_v1 spectre_v2 spec_store_bypass l1tf mds swapgs
bogomips	: 7183.60
clflush size	: 64
cache_alignment	: 64
address sizes	: 39 bits physical, 48 bits virtual
power management:

processor	: 7
vendor_id	: GenuineIntel
cpu family	: 6
model		: 60
model name	: Intel(R) Core(TM) i7-4790 CPU @ 3.60GHz
stepping	: 3
microcode	: 0x27
cpu MHz		: 3788.765
cache size	: 8192 KB
physical id	: 0
siblings	: 8
core id		: 3
cpu cores	: 4
apicid		: 7
initial apicid	: 7
fpu		: yes
fpu_exception	: yes
cpuid level	: 13
wp		: yes
flags		: fpu vme de pse tsc msr pae mce cx8 apic sep mtrr pge mca cmov pat pse36 clflush dts acpi mmx fxsr sse sse2 ss ht tm pbe syscall nx pdpe1gb rdtscp lm constant_tsc arch_perfmon pebs bts rep_good nopl xtopology nonstop_tsc cpuid aperfmperf pni pclmulqdq dtes64 monitor ds_cpl vmx smx est tm2 ssse3 sdbg fma cx16 xtpr pdcm pcid sse4_1 sse4_2 x2apic movbe popcnt tsc_deadline_timer aes xsave avx f16c rdrand lahf_lm abm cpuid_fault epb invpcid_single pti ssbd ibrs ibpb stibp tpr_shadow vnmi flexpriority ept vpid fsgsbase tsc_adjust bmi1 avx2 smep bmi2 erms invpcid xsaveopt dtherm ida arat pln pts md_clear flush_l1d
bugs		: cpu_meltdown spectre_v1 spectre_v2 spec_store_bypass l1tf mds swapgs
bogomips	: 7183.60
clflush size	: 64
cache_alignment	: 64
address sizes	: 39 bits physical, 48 bits virtual
power management:



Memory: 4k page, physical 16294200k(150464k free), swap 998396k(0k free)

vm_info: OpenJDK 64-Bit Server VM (25.222-b10) for linux-amd64 JRE (1.8.0_222-8u222-b10-1ubuntu1~16.04.1-b10), built on Jul 18 2019 20:25:18 by "buildd" with gcc 5.4.0 20160609

time: Mon Nov 11 14:02:52 2019
timezone: -03
elapsed time: 0 seconds (0d 0h 0m 0s)

