#
# There is insufficient memory for the Java Runtime Environment to continue.
# Native memory allocation (mmap) failed to map 175112192 bytes for committing reserved memory.
# Possible reasons:
#   The system is out of physical RAM or swap space
#   The process is running with CompressedOops enabled, and the Java Heap may be blocking the growth of the native heap
# Possible solutions:
#   Reduce memory load on the system
#   Increase physical memory or swap space
#   Check if swap backing store is full
#   Decrease Java heap size (-Xmx/-Xms)
#   Decrease number of Java threads
#   Decrease Java thread stack sizes (-Xss)
#   Set larger code cache with -XX:ReservedCodeCacheSize=
# This output file may be truncated or incomplete.
#
#  Out of Memory Error (os_linux.cpp:2757), pid=7242, tid=0x00007f8c7d7e9700
#
# JRE version:  (8.0_222-b10) (build )
# Java VM: OpenJDK 64-Bit Server VM (25.222-b10 mixed mode linux-amd64 compressed oops)
# Failed to write core dump. Core dumps have been disabled. To enable core dumping, try "ulimit -c unlimited" before starting Java again
#

---------------  T H R E A D  ---------------

Current thread (0x00007f8c7400c000):  JavaThread "Unknown thread" [_thread_in_vm, id=7244, stack(0x00007f8c7d6e9000,0x00007f8c7d7ea000)]

Stack: [0x00007f8c7d6e9000,0x00007f8c7d7ea000],  sp=0x00007f8c7d7e8660,  free space=1021k
Native frames: (J=compiled Java code, j=interpreted, Vv=VM code, C=native code)
V  [libjvm.so+0xa7787b]
V  [libjvm.so+0x4caa8c]
V  [libjvm.so+0x8c5da8]
V  [libjvm.so+0x8bd3ee]
V  [libjvm.so+0x93b476]
V  [libjvm.so+0x92bfe3]
V  [libjvm.so+0x2b0a41]
V  [libjvm.so+0x8eb509]
V  [libjvm.so+0xa3b449]
V  [libjvm.so+0xa3b692]
V  [libjvm.so+0x6159df]
V  [libjvm.so+0xa20abb]
V  [libjvm.so+0x690402]  JNI_CreateJavaVM+0x62
C  [libjli.so+0x2ebf]
C  [libjli.so+0x737d]
C  [libpthread.so.0+0x76ba]  start_thread+0xca


---------------  P R O C E S S  ---------------

Java Threads: ( => current thread )

Other Threads:

=>0x00007f8c7400c000 (exited) JavaThread "Unknown thread" [_thread_in_vm, id=7244, stack(0x00007f8c7d6e9000,0x00007f8c7d7ea000)]

VM state:not at safepoint (not fully initialized)

VM Mutex/Monitor currently owned by a thread: None

heap address: 0x00000000e0000000, size: 512 MB, Compressed Oops mode: Non-zero based:0x00000000dffff000
Narrow klass base: 0x0000000000000000, Narrow klass shift: 0

GC Heap History (0 events):
No events

Deoptimization events (0 events):
No events

Classes redefined (0 events):
No events

Internal exceptions (0 events):
No events

Events (0 events):
No events


Dynamic libraries:
00400000-00401000 r-xp 00000000 08:01 7083361                            /usr/lib/jvm/java-8-openjdk-amd64/jre/bin/java
00600000-00601000 r--p 00000000 08:01 7083361                            /usr/lib/jvm/java-8-openjdk-amd64/jre/bin/java
00601000-00602000 rw-p 00001000 08:01 7083361                            /usr/lib/jvm/java-8-openjdk-amd64/jre/bin/java
0221e000-0223f000 rw-p 00000000 00:00 0                                  [heap]
ea700000-f5580000 ---p 00000000 00:00 0 
f5580000-fa880000 rw-p 00000000 00:00 0 
fa880000-100000000 ---p 00000000 00:00 0 
7f8c65000000-7f8c65270000 rwxp 00000000 00:00 0 
7f8c65270000-7f8c74000000 ---p 00000000 00:00 0 
7f8c74000000-7f8c74034000 rw-p 00000000 00:00 0 
7f8c74034000-7f8c78000000 ---p 00000000 00:00 0 
7f8c79a85000-7f8c79b2f000 ---p 00000000 00:00 0 
7f8c79b2f000-7f8c79b5a000 rw-p 00000000 00:00 0 
7f8c79b5a000-7f8c79b85000 ---p 00000000 00:00 0 
7f8c79b85000-7f8c79b90000 rw-p 00000000 00:00 0 
7f8c79b90000-7f8c79f46000 ---p 00000000 00:00 0 
7f8c79f46000-7f8c79f4e000 r-xp 00000000 08:01 7090552                    /usr/lib/jvm/java-8-openjdk-amd64/jre/lib/amd64/libzip.so
7f8c79f4e000-7f8c7a14d000 ---p 00008000 08:01 7090552                    /usr/lib/jvm/java-8-openjdk-amd64/jre/lib/amd64/libzip.so
7f8c7a14d000-7f8c7a14e000 r--p 00007000 08:01 7090552                    /usr/lib/jvm/java-8-openjdk-amd64/jre/lib/amd64/libzip.so
7f8c7a14e000-7f8c7a14f000 rw-p 00008000 08:01 7090552                    /usr/lib/jvm/java-8-openjdk-amd64/jre/lib/amd64/libzip.so
7f8c7a14f000-7f8c7a15a000 r-xp 00000000 08:01 2883679                    /lib/x86_64-linux-gnu/libnss_files-2.23.so
7f8c7a15a000-7f8c7a359000 ---p 0000b000 08:01 2883679                    /lib/x86_64-linux-gnu/libnss_files-2.23.so
7f8c7a359000-7f8c7a35a000 r--p 0000a000 08:01 2883679                    /lib/x86_64-linux-gnu/libnss_files-2.23.so
7f8c7a35a000-7f8c7a35b000 rw-p 0000b000 08:01 2883679                    /lib/x86_64-linux-gnu/libnss_files-2.23.so
7f8c7a35b000-7f8c7a361000 rw-p 00000000 00:00 0 
7f8c7a361000-7f8c7a36c000 r-xp 00000000 08:01 2883672                    /lib/x86_64-linux-gnu/libnss_nis-2.23.so
7f8c7a36c000-7f8c7a56b000 ---p 0000b000 08:01 2883672                    /lib/x86_64-linux-gnu/libnss_nis-2.23.so
7f8c7a56b000-7f8c7a56c000 r--p 0000a000 08:01 2883672                    /lib/x86_64-linux-gnu/libnss_nis-2.23.so
7f8c7a56c000-7f8c7a56d000 rw-p 0000b000 08:01 2883672                    /lib/x86_64-linux-gnu/libnss_nis-2.23.so
7f8c7a56d000-7f8c7a583000 r-xp 00000000 08:01 2883677                    /lib/x86_64-linux-gnu/libnsl-2.23.so
7f8c7a583000-7f8c7a782000 ---p 00016000 08:01 2883677                    /lib/x86_64-linux-gnu/libnsl-2.23.so
7f8c7a782000-7f8c7a783000 r--p 00015000 08:01 2883677                    /lib/x86_64-linux-gnu/libnsl-2.23.so
7f8c7a783000-7f8c7a784000 rw-p 00016000 08:01 2883677                    /lib/x86_64-linux-gnu/libnsl-2.23.so
7f8c7a784000-7f8c7a786000 rw-p 00000000 00:00 0 
7f8c7a786000-7f8c7a78e000 r-xp 00000000 08:01 2888234                    /lib/x86_64-linux-gnu/libnss_compat-2.23.so
7f8c7a78e000-7f8c7a98d000 ---p 00008000 08:01 2888234                    /lib/x86_64-linux-gnu/libnss_compat-2.23.so
7f8c7a98d000-7f8c7a98e000 r--p 00007000 08:01 2888234                    /lib/x86_64-linux-gnu/libnss_compat-2.23.so
7f8c7a98e000-7f8c7a98f000 rw-p 00008000 08:01 2888234                    /lib/x86_64-linux-gnu/libnss_compat-2.23.so
7f8c7a98f000-7f8c7a999000 r-xp 00000000 08:01 7090559                    /usr/lib/jvm/java-8-openjdk-amd64/jre/lib/amd64/libinstrument.so
7f8c7a999000-7f8c7ab98000 ---p 0000a000 08:01 7090559                    /usr/lib/jvm/java-8-openjdk-amd64/jre/lib/amd64/libinstrument.so
7f8c7ab98000-7f8c7ab99000 r--p 00009000 08:01 7090559                    /usr/lib/jvm/java-8-openjdk-amd64/jre/lib/amd64/libinstrument.so
7f8c7ab99000-7f8c7ab9a000 rw-p 0000a000 08:01 7090559                    /usr/lib/jvm/java-8-openjdk-amd64/jre/lib/amd64/libinstrument.so
7f8c7ab9a000-7f8c7abc3000 r-xp 00000000 08:01 7090536                    /usr/lib/jvm/java-8-openjdk-amd64/jre/lib/amd64/libjava.so
7f8c7abc3000-7f8c7adc2000 ---p 00029000 08:01 7090536                    /usr/lib/jvm/java-8-openjdk-amd64/jre/lib/amd64/libjava.so
7f8c7adc2000-7f8c7adc3000 r--p 00028000 08:01 7090536                    /usr/lib/jvm/java-8-openjdk-amd64/jre/lib/amd64/libjava.so
7f8c7adc3000-7f8c7adc5000 rw-p 00029000 08:01 7090536                    /usr/lib/jvm/java-8-openjdk-amd64/jre/lib/amd64/libjava.so
7f8c7adc5000-7f8c7add4000 r-xp 00000000 08:01 7090554                    /usr/lib/jvm/java-8-openjdk-amd64/jre/lib/amd64/libverify.so
7f8c7add4000-7f8c7afd3000 ---p 0000f000 08:01 7090554                    /usr/lib/jvm/java-8-openjdk-amd64/jre/lib/amd64/libverify.so
7f8c7afd3000-7f8c7afd5000 r--p 0000e000 08:01 7090554                    /usr/lib/jvm/java-8-openjdk-amd64/jre/lib/amd64/libverify.so
7f8c7afd5000-7f8c7afd6000 rw-p 00010000 08:01 7090554                    /usr/lib/jvm/java-8-openjdk-amd64/jre/lib/amd64/libverify.so
7f8c7afd6000-7f8c7afdd000 r-xp 00000000 08:01 2883609                    /lib/x86_64-linux-gnu/librt-2.23.so
7f8c7afdd000-7f8c7b1dc000 ---p 00007000 08:01 2883609                    /lib/x86_64-linux-gnu/librt-2.23.so
7f8c7b1dc000-7f8c7b1dd000 r--p 00006000 08:01 2883609                    /lib/x86_64-linux-gnu/librt-2.23.so
7f8c7b1dd000-7f8c7b1de000 rw-p 00007000 08:01 2883609                    /lib/x86_64-linux-gnu/librt-2.23.so
7f8c7b1de000-7f8c7b1f4000 r-xp 00000000 08:01 2888319                    /lib/x86_64-linux-gnu/libgcc_s.so.1
7f8c7b1f4000-7f8c7b3f3000 ---p 00016000 08:01 2888319                    /lib/x86_64-linux-gnu/libgcc_s.so.1
7f8c7b3f3000-7f8c7b3f4000 rw-p 00015000 08:01 2888319                    /lib/x86_64-linux-gnu/libgcc_s.so.1
7f8c7b3f4000-7f8c7b4fc000 r-xp 00000000 08:01 2888299                    /lib/x86_64-linux-gnu/libm-2.23.so
7f8c7b4fc000-7f8c7b6fb000 ---p 00108000 08:01 2888299                    /lib/x86_64-linux-gnu/libm-2.23.so
7f8c7b6fb000-7f8c7b6fc000 r--p 00107000 08:01 2888299                    /lib/x86_64-linux-gnu/libm-2.23.so
7f8c7b6fc000-7f8c7b6fd000 rw-p 00108000 08:01 2888299                    /lib/x86_64-linux-gnu/libm-2.23.so
7f8c7b6fd000-7f8c7b86f000 r-xp 00000000 08:01 7078279                    /usr/lib/x86_64-linux-gnu/libstdc++.so.6.0.21
7f8c7b86f000-7f8c7ba6f000 ---p 00172000 08:01 7078279                    /usr/lib/x86_64-linux-gnu/libstdc++.so.6.0.21
7f8c7ba6f000-7f8c7ba79000 r--p 00172000 08:01 7078279                    /usr/lib/x86_64-linux-gnu/libstdc++.so.6.0.21
7f8c7ba79000-7f8c7ba7b000 rw-p 0017c000 08:01 7078279                    /usr/lib/x86_64-linux-gnu/libstdc++.so.6.0.21
7f8c7ba7b000-7f8c7ba7f000 rw-p 00000000 00:00 0 
7f8c7ba7f000-7f8c7c6e3000 r-xp 00000000 08:01 7090565                    /usr/lib/jvm/java-8-openjdk-amd64/jre/lib/amd64/server/libjvm.so
7f8c7c6e3000-7f8c7c8e2000 ---p 00c64000 08:01 7090565                    /usr/lib/jvm/java-8-openjdk-amd64/jre/lib/amd64/server/libjvm.so
7f8c7c8e2000-7f8c7c976000 r--p 00c63000 08:01 7090565                    /usr/lib/jvm/java-8-openjdk-amd64/jre/lib/amd64/server/libjvm.so
7f8c7c976000-7f8c7c99f000 rw-p 00cf7000 08:01 7090565                    /usr/lib/jvm/java-8-openjdk-amd64/jre/lib/amd64/server/libjvm.so
7f8c7c99f000-7f8c7c9cf000 rw-p 00000000 00:00 0 
7f8c7c9cf000-7f8c7c9e7000 r-xp 00000000 08:01 2883669                    /lib/x86_64-linux-gnu/libpthread-2.23.so
7f8c7c9e7000-7f8c7cbe6000 ---p 00018000 08:01 2883669                    /lib/x86_64-linux-gnu/libpthread-2.23.so
7f8c7cbe6000-7f8c7cbe7000 r--p 00017000 08:01 2883669                    /lib/x86_64-linux-gnu/libpthread-2.23.so
7f8c7cbe7000-7f8c7cbe8000 rw-p 00018000 08:01 2883669                    /lib/x86_64-linux-gnu/libpthread-2.23.so
7f8c7cbe8000-7f8c7cbec000 rw-p 00000000 00:00 0 
7f8c7cbec000-7f8c7cbef000 r-xp 00000000 08:01 2883667                    /lib/x86_64-linux-gnu/libdl-2.23.so
7f8c7cbef000-7f8c7cdee000 ---p 00003000 08:01 2883667                    /lib/x86_64-linux-gnu/libdl-2.23.so
7f8c7cdee000-7f8c7cdef000 r--p 00002000 08:01 2883667                    /lib/x86_64-linux-gnu/libdl-2.23.so
7f8c7cdef000-7f8c7cdf0000 rw-p 00003000 08:01 2883667                    /lib/x86_64-linux-gnu/libdl-2.23.so
7f8c7cdf0000-7f8c7ce09000 r-xp 00000000 08:01 2888472                    /lib/x86_64-linux-gnu/libz.so.1.2.8
7f8c7ce09000-7f8c7d008000 ---p 00019000 08:01 2888472                    /lib/x86_64-linux-gnu/libz.so.1.2.8
7f8c7d008000-7f8c7d009000 r--p 00018000 08:01 2888472                    /lib/x86_64-linux-gnu/libz.so.1.2.8
7f8c7d009000-7f8c7d00a000 rw-p 00019000 08:01 2888472                    /lib/x86_64-linux-gnu/libz.so.1.2.8
7f8c7d00a000-7f8c7d1ca000 r-xp 00000000 08:01 2888179                    /lib/x86_64-linux-gnu/libc-2.23.so
7f8c7d1ca000-7f8c7d3ca000 ---p 001c0000 08:01 2888179                    /lib/x86_64-linux-gnu/libc-2.23.so
7f8c7d3ca000-7f8c7d3ce000 r--p 001c0000 08:01 2888179                    /lib/x86_64-linux-gnu/libc-2.23.so
7f8c7d3ce000-7f8c7d3d0000 rw-p 001c4000 08:01 2888179                    /lib/x86_64-linux-gnu/libc-2.23.so
7f8c7d3d0000-7f8c7d3d4000 rw-p 00000000 00:00 0 
7f8c7d3d4000-7f8c7d3e1000 r-xp 00000000 08:01 7090546                    /usr/lib/jvm/java-8-openjdk-amd64/jre/lib/amd64/jli/libjli.so
7f8c7d3e1000-7f8c7d5e0000 ---p 0000d000 08:01 7090546                    /usr/lib/jvm/java-8-openjdk-amd64/jre/lib/amd64/jli/libjli.so
7f8c7d5e0000-7f8c7d5e1000 r--p 0000c000 08:01 7090546                    /usr/lib/jvm/java-8-openjdk-amd64/jre/lib/amd64/jli/libjli.so
7f8c7d5e1000-7f8c7d5e2000 rw-p 0000d000 08:01 7090546                    /usr/lib/jvm/java-8-openjdk-amd64/jre/lib/amd64/jli/libjli.so
7f8c7d5e2000-7f8c7d608000 r-xp 00000000 08:01 2883668                    /lib/x86_64-linux-gnu/ld-2.23.so
7f8c7d6e9000-7f8c7d6ec000 ---p 00000000 00:00 0 
7f8c7d6ec000-7f8c7d7ee000 rw-p 00000000 00:00 0 
7f8c7d7fc000-7f8c7d804000 rw-s 00000000 08:01 9569232                    /tmp/hsperfdata_cramallo/7242
7f8c7d804000-7f8c7d805000 rw-p 00000000 00:00 0 
7f8c7d805000-7f8c7d806000 r--p 00000000 00:00 0 
7f8c7d806000-7f8c7d807000 rw-p 00000000 00:00 0 
7f8c7d807000-7f8c7d808000 r--p 00025000 08:01 2883668                    /lib/x86_64-linux-gnu/ld-2.23.so
7f8c7d808000-7f8c7d809000 rw-p 00026000 08:01 2883668                    /lib/x86_64-linux-gnu/ld-2.23.so
7f8c7d809000-7f8c7d80a000 rw-p 00000000 00:00 0 
7ffffb4fc000-7ffffb51e000 rw-p 00000000 00:00 0                          [stack]
7ffffb59b000-7ffffb59e000 r--p 00000000 00:00 0                          [vvar]
7ffffb59e000-7ffffb5a0000 r-xp 00000000 00:00 0                          [vdso]
ffffffffff600000-ffffffffff601000 r-xp 00000000 00:00 0                  [vsyscall]

VM Arguments:
jvm_args: -Djava.security.manager=worker.org.gradle.process.internal.worker.child.BootstrapSecurityManager -Dorg.gradle.native=false -javaagent:build/tmp/expandedArchives/org.jacoco.agent-0.7.1.201405082137.jar_914e71e1f0407d9c3c541d717900faad/jacocoagent.jar=destfile=build/jacoco/test.exec,append=true,dumponexit=true,output=file,jmx=false -Xmx512m -Dfile.encoding=UTF-8 -Duser.country=US -Duser.language=en -Duser.variant -ea 
java_command: worker.org.gradle.process.internal.worker.GradleWorkerMain 'Gradle Test Executor 26'
java_class_path (initial): /home/cramallo/.gradle/caches/5.5.1/workerMain/gradle-worker.jar:build/tmp/expandedArchives/org.jacoco.agent-0.7.1.201405082137.jar_914e71e1f0407d9c3c541d717900faad/jacocoagent.jar
Launcher Type: SUN_STANDARD

Environment Variables:
JAVA_HOME=/usr/lib/jvm/java-8-openjdk-amd64/jre
PATH=/home/cramallo/.sdkman/candidates/gradle/current/bin:/home/cramallo/bin:/home/cramallo/.local/bin:/usr/local/sbin:/usr/local/bin:/usr/sbin:/usr/bin:/sbin:/bin:/usr/games:/usr/local/games:/snap/bin:/usr/lib/jvm/default-java/bin
SHELL=/bin/bash
DISPLAY=:1

Signal Handlers:
SIGSEGV: [libjvm.so+0xa783e0], sa_mask[0]=11111111011111111101111111111110, sa_flags=SA_RESTART|SA_SIGINFO
SIGBUS: [libjvm.so+0xa783e0], sa_mask[0]=11111111011111111101111111111110, sa_flags=SA_RESTART|SA_SIGINFO
SIGFPE: [libjvm.so+0x8c0e10], sa_mask[0]=11111111011111111101111111111110, sa_flags=SA_RESTART|SA_SIGINFO
SIGPIPE: [libjvm.so+0x8c0e10], sa_mask[0]=11111111011111111101111111111110, sa_flags=SA_RESTART|SA_SIGINFO
SIGXFSZ: [libjvm.so+0x8c0e10], sa_mask[0]=11111111011111111101111111111110, sa_flags=SA_RESTART|SA_SIGINFO
SIGILL: [libjvm.so+0x8c0e10], sa_mask[0]=11111111011111111101111111111110, sa_flags=SA_RESTART|SA_SIGINFO
SIGUSR1: SIG_DFL, sa_mask[0]=00000000000000000000000000000000, sa_flags=none
SIGUSR2: [libjvm.so+0x8c0cc0], sa_mask[0]=00100000000000000000000000000000, sa_flags=SA_RESTART|SA_SIGINFO
SIGHUP: SIG_DFL, sa_mask[0]=00000000000000000000000000000000, sa_flags=none
SIGINT: SIG_DFL, sa_mask[0]=00000000000000000000000000000000, sa_flags=none
SIGTERM: SIG_DFL, sa_mask[0]=00000000000000000000000000000000, sa_flags=none
SIGQUIT: SIG_DFL, sa_mask[0]=00000000000000000000000000000000, sa_flags=none


---------------  S Y S T E M  ---------------

OS:DISTRIB_ID=Ubuntu
DISTRIB_RELEASE=16.04
DISTRIB_CODENAME=xenial
DISTRIB_DESCRIPTION="Ubuntu 16.04.6 LTS"

uname:Linux 4.15.0-66-generic #75~16.04.1-Ubuntu SMP Tue Oct 1 14:01:08 UTC 2019 x86_64
libc:glibc 2.23 NPTL 2.23 
rlimit: STACK 8192k, CORE 0k, NPROC 63412, NOFILE 1048576, AS infinity
load average:0.68 0.39 0.32

/proc/meminfo:
MemTotal:       16294200 kB
MemFree:          163532 kB
MemAvailable:      77068 kB
Buffers:           15148 kB
Cached:          1873572 kB
SwapCached:         3000 kB
Active:         14185260 kB
Inactive:        1325048 kB
Active(anon):   14139796 kB
Inactive(anon):  1285488 kB
Active(file):      45464 kB
Inactive(file):    39560 kB
Unevictable:         112 kB
Mlocked:             112 kB
SwapTotal:        998396 kB
SwapFree:              0 kB
Dirty:              1476 kB
Writeback:             0 kB
AnonPages:      13618776 kB
Mapped:          1520172 kB
Shmem:           1803692 kB
Slab:             201036 kB
SReclaimable:      76592 kB
SUnreclaim:       124444 kB
KernelStack:       41584 kB
PageTables:       230932 kB
NFS_Unstable:          0 kB
Bounce:                0 kB
WritebackTmp:          0 kB
CommitLimit:     9145496 kB
Committed_AS:   43139168 kB
VmallocTotal:   34359738367 kB
VmallocUsed:           0 kB
VmallocChunk:          0 kB
HardwareCorrupted:     0 kB
AnonHugePages:         0 kB
ShmemHugePages:        0 kB
ShmemPmdMapped:        0 kB
CmaTotal:              0 kB
CmaFree:               0 kB
HugePages_Total:       0
HugePages_Free:        0
HugePages_Rsvd:        0
HugePages_Surp:        0
Hugepagesize:       2048 kB
DirectMap4k:      575372 kB
DirectMap2M:    15022080 kB
DirectMap1G:     2097152 kB

container (cgroup) information:
container_type: cgroupv1
cpu_cpuset_cpus: 0-7
cpu_memory_nodes: 0
active_processor_count: 8
cpu_quota: -1
cpu_period: 100000
cpu_shares: -1
memory_limit_in_bytes: -1
memory_and_swap_limit_in_bytes: -2
memory_soft_limit_in_bytes: -1
memory_usage_in_bytes: 15882211328
memory_max_usage_in_bytes: 0


CPU:total 8 (initial active 8) (4 cores per cpu, 2 threads per core) family 6 model 60 stepping 3, cmov, cx8, fxsr, mmx, sse, sse2, sse3, ssse3, sse4.1, sse4.2, popcnt, avx, avx2, aes, clmul, erms, lzcnt, ht, tsc, tscinvbit, bmi1, bmi2

/proc/cpuinfo:
processor	: 0
vendor_id	: GenuineIntel
cpu family	: 6
model		: 60
model name	: Intel(R) Core(TM) i7-4790 CPU @ 3.60GHz
stepping	: 3
microcode	: 0x27
cpu MHz		: 1738.622
cache size	: 8192 KB
physical id	: 0
siblings	: 8
core id		: 0
cpu cores	: 4
apicid		: 0
initial apicid	: 0
fpu		: yes
fpu_exception	: yes
cpuid level	: 13
wp		: yes
flags		: fpu vme de pse tsc msr pae mce cx8 apic sep mtrr pge mca cmov pat pse36 clflush dts acpi mmx fxsr sse sse2 ss ht tm pbe syscall nx pdpe1gb rdtscp lm constant_tsc arch_perfmon pebs bts rep_good nopl xtopology nonstop_tsc cpuid aperfmperf pni pclmulqdq dtes64 monitor ds_cpl vmx smx est tm2 ssse3 sdbg fma cx16 xtpr pdcm pcid sse4_1 sse4_2 x2apic movbe popcnt tsc_deadline_timer aes xsave avx f16c rdrand lahf_lm abm cpuid_fault epb invpcid_single pti ssbd ibrs ibpb stibp tpr_shadow vnmi flexpriority ept vpid fsgsbase tsc_adjust bmi1 avx2 smep bmi2 erms invpcid xsaveopt dtherm ida arat pln pts md_clear flush_l1d
bugs		: cpu_meltdown spectre_v1 spectre_v2 spec_store_bypass l1tf mds swapgs
bogomips	: 7183.60
clflush size	: 64
cache_alignment	: 64
address sizes	: 39 bits physical, 48 bits virtual
power management:

processor	: 1
vendor_id	: GenuineIntel
cpu family	: 6
model		: 60
model name	: Intel(R) Core(TM) i7-4790 CPU @ 3.60GHz
stepping	: 3
microcode	: 0x27
cpu MHz		: 1754.678
cache size	: 8192 KB
physical id	: 0
siblings	: 8
core id		: 1
cpu cores	: 4
apicid		: 2
initial apicid	: 2
fpu		: yes
fpu_exception	: yes
cpuid level	: 13
wp		: yes
flags		: fpu vme de pse tsc msr pae mce cx8 apic sep mtrr pge mca cmov pat pse36 clflush dts acpi mmx fxsr sse sse2 ss ht tm pbe syscall nx pdpe1gb rdtscp lm constant_tsc arch_perfmon pebs bts rep_good nopl xtopology nonstop_tsc cpuid aperfmperf pni pclmulqdq dtes64 monitor ds_cpl vmx smx est tm2 ssse3 sdbg fma cx16 xtpr pdcm pcid sse4_1 sse4_2 x2apic movbe popcnt tsc_deadline_timer aes xsave avx f16c rdrand lahf_lm abm cpuid_fault epb invpcid_single pti ssbd ibrs ibpb stibp tpr_shadow vnmi flexpriority ept vpid fsgsbase tsc_adjust bmi1 avx2 smep bmi2 erms invpcid xsaveopt dtherm ida arat pln pts md_clear flush_l1d
bugs		: cpu_meltdown spectre_v1 spectre_v2 spec_store_bypass l1tf mds swapgs
bogomips	: 7183.60
clflush size	: 64
cache_alignment	: 64
address sizes	: 39 bits physical, 48 bits virtual
power management:

processor	: 2
vendor_id	: GenuineIntel
cpu family	: 6
model		: 60
model name	: Intel(R) Core(TM) i7-4790 CPU @ 3.60GHz
stepping	: 3
microcode	: 0x27
cpu MHz		: 1762.732
cache size	: 8192 KB
physical id	: 0
siblings	: 8
core id		: 2
cpu cores	: 4
apicid		: 4
initial apicid	: 4
fpu		: yes
fpu_exception	: yes
cpuid level	: 13
wp		: yes
flags		: fpu vme de pse tsc msr pae mce cx8 apic sep mtrr pge mca cmov pat pse36 clflush dts acpi mmx fxsr sse sse2 ss ht tm pbe syscall nx pdpe1gb rdtscp lm constant_tsc arch_perfmon pebs bts rep_good nopl xtopology nonstop_tsc cpuid aperfmperf pni pclmulqdq dtes64 monitor ds_cpl vmx smx est tm2 ssse3 sdbg fma cx16 xtpr pdcm pcid sse4_1 sse4_2 x2apic movbe popcnt tsc_deadline_timer aes xsave avx f16c rdrand lahf_lm abm cpuid_fault epb invpcid_single pti ssbd ibrs ibpb stibp tpr_shadow vnmi flexpriority ept vpid fsgsbase tsc_adjust bmi1 avx2 smep bmi2 erms invpcid xsaveopt dtherm ida arat pln pts md_clear flush_l1d
bugs		: cpu_meltdown spectre_v1 spectre_v2 spec_store_bypass l1tf mds swapgs
bogomips	: 7183.60
clflush size	: 64
cache_alignment	: 64
address sizes	: 39 bits physical, 48 bits virtual
power management:

processor	: 3
vendor_id	: GenuineIntel
cpu family	: 6
model		: 60
model name	: Intel(R) Core(TM) i7-4790 CPU @ 3.60GHz
stepping	: 3
microcode	: 0x27
cpu MHz		: 1786.574
cache size	: 8192 KB
physical id	: 0
siblings	: 8
core id		: 3
cpu cores	: 4
apicid		: 6
initial apicid	: 6
fpu		: yes
fpu_exception	: yes
cpuid level	: 13
wp		: yes
flags		: fpu vme de pse tsc msr pae mce cx8 apic sep mtrr pge mca cmov pat pse36 clflush dts acpi mmx fxsr sse sse2 ss ht tm pbe syscall nx pdpe1gb rdtscp lm constant_tsc arch_perfmon pebs bts rep_good nopl xtopology nonstop_tsc cpuid aperfmperf pni pclmulqdq dtes64 monitor ds_cpl vmx smx est tm2 ssse3 sdbg fma cx16 xtpr pdcm pcid sse4_1 sse4_2 x2apic movbe popcnt tsc_deadline_timer aes xsave avx f16c rdrand lahf_lm abm cpuid_fault epb invpcid_single pti ssbd ibrs ibpb stibp tpr_shadow vnmi flexpriority ept vpid fsgsbase tsc_adjust bmi1 avx2 smep bmi2 erms invpcid xsaveopt dtherm ida arat pln pts md_clear flush_l1d
bugs		: cpu_meltdown spectre_v1 spectre_v2 spec_store_bypass l1tf mds swapgs
bogomips	: 7183.60
clflush size	: 64
cache_alignment	: 64
address sizes	: 39 bits physical, 48 bits virtual
power management:

processor	: 4
vendor_id	: GenuineIntel
cpu family	: 6
model		: 60
model name	: Intel(R) Core(TM) i7-4790 CPU @ 3.60GHz
stepping	: 3
microcode	: 0x27
cpu MHz		: 1569.454
cache size	: 8192 KB
physical id	: 0
siblings	: 8
core id		: 0
cpu cores	: 4
apicid		: 1
initial apicid	: 1
fpu		: yes
fpu_exception	: yes
cpuid level	: 13
wp		: yes
flags		: fpu vme de pse tsc msr pae mce cx8 apic sep mtrr pge mca cmov pat pse36 clflush dts acpi mmx fxsr sse sse2 ss ht tm pbe syscall nx pdpe1gb rdtscp lm constant_tsc arch_perfmon pebs bts rep_good nopl xtopology nonstop_tsc cpuid aperfmperf pni pclmulqdq dtes64 monitor ds_cpl vmx smx est tm2 ssse3 sdbg fma cx16 xtpr pdcm pcid sse4_1 sse4_2 x2apic movbe popcnt tsc_deadline_timer aes xsave avx f16c rdrand lahf_lm abm cpuid_fault epb invpcid_single pti ssbd ibrs ibpb stibp tpr_shadow vnmi flexpriority ept vpid fsgsbase tsc_adjust bmi1 avx2 smep bmi2 erms invpcid xsaveopt dtherm ida arat pln pts md_clear flush_l1d
bugs		: cpu_meltdown spectre_v1 spectre_v2 spec_store_bypass l1tf mds swapgs
bogomips	: 7183.60
clflush size	: 64
cache_alignment	: 64
address sizes	: 39 bits physical, 48 bits virtual
power management:

processor	: 5
vendor_id	: GenuineIntel
cpu family	: 6
model		: 60
model name	: Intel(R) Core(TM) i7-4790 CPU @ 3.60GHz
stepping	: 3
microcode	: 0x27
cpu MHz		: 1779.807
cache size	: 8192 KB
physical id	: 0
siblings	: 8
core id		: 1
cpu cores	: 4
apicid		: 3
initial apicid	: 3
fpu		: yes
fpu_exception	: yes
cpuid level	: 13
wp		: yes
flags		: fpu vme de pse tsc msr pae mce cx8 apic sep mtrr pge mca cmov pat pse36 clflush dts acpi mmx fxsr sse sse2 ss ht tm pbe syscall nx pdpe1gb rdtscp lm constant_tsc arch_perfmon pebs bts rep_good nopl xtopology nonstop_tsc cpuid aperfmperf pni pclmulqdq dtes64 monitor ds_cpl vmx smx est tm2 ssse3 sdbg fma cx16 xtpr pdcm pcid sse4_1 sse4_2 x2apic movbe popcnt tsc_deadline_timer aes xsave avx f16c rdrand lahf_lm abm cpuid_fault epb invpcid_single pti ssbd ibrs ibpb stibp tpr_shadow vnmi flexpriority ept vpid fsgsbase tsc_adjust bmi1 avx2 smep bmi2 erms invpcid xsaveopt dtherm ida arat pln pts md_clear flush_l1d
bugs		: cpu_meltdown spectre_v1 spectre_v2 spec_store_bypass l1tf mds swapgs
bogomips	: 7183.60
clflush size	: 64
cache_alignment	: 64
address sizes	: 39 bits physical, 48 bits virtual
power management:

processor	: 6
vendor_id	: GenuineIntel
cpu family	: 6
model		: 60
model name	: Intel(R) Core(TM) i7-4790 CPU @ 3.60GHz
stepping	: 3
microcode	: 0x27
cpu MHz		: 1438.180
cache size	: 8192 KB
physical id	: 0
siblings	: 8
core id		: 2
cpu cores	: 4
apicid		: 5
initial apicid	: 5
fpu		: yes
fpu_exception	: yes
cpuid level	: 13
wp		: yes
flags		: fpu vme de pse tsc msr pae mce cx8 apic sep mtrr pge mca cmov pat pse36 clflush dts acpi mmx fxsr sse sse2 ss ht tm pbe syscall nx pdpe1gb rdtscp lm constant_tsc arch_perfmon pebs bts rep_good nopl xtopology nonstop_tsc cpuid aperfmperf pni pclmulqdq dtes64 monitor ds_cpl vmx smx est tm2 ssse3 sdbg fma cx16 xtpr pdcm pcid sse4_1 sse4_2 x2apic movbe popcnt tsc_deadline_timer aes xsave avx f16c rdrand lahf_lm abm cpuid_fault epb invpcid_single pti ssbd ibrs ibpb stibp tpr_shadow vnmi flexpriority ept vpid fsgsbase tsc_adjust bmi1 avx2 smep bmi2 erms invpcid xsaveopt dtherm ida arat pln pts md_clear flush_l1d
bugs		: cpu_meltdown spectre_v1 spectre_v2 spec_store_bypass l1tf mds swapgs
bogomips	: 7183.60
clflush size	: 64
cache_alignment	: 64
address sizes	: 39 bits physical, 48 bits virtual
power management:

processor	: 7
vendor_id	: GenuineIntel
cpu family	: 6
model		: 60
model name	: Intel(R) Core(TM) i7-4790 CPU @ 3.60GHz
stepping	: 3
microcode	: 0x27
cpu MHz		: 1654.203
cache size	: 8192 KB
physical id	: 0
siblings	: 8
core id		: 3
cpu cores	: 4
apicid		: 7
initial apicid	: 7
fpu		: yes
fpu_exception	: yes
cpuid level	: 13
wp		: yes
flags		: fpu vme de pse tsc msr pae mce cx8 apic sep mtrr pge mca cmov pat pse36 clflush dts acpi mmx fxsr sse sse2 ss ht tm pbe syscall nx pdpe1gb rdtscp lm constant_tsc arch_perfmon pebs bts rep_good nopl xtopology nonstop_tsc cpuid aperfmperf pni pclmulqdq dtes64 monitor ds_cpl vmx smx est tm2 ssse3 sdbg fma cx16 xtpr pdcm pcid sse4_1 sse4_2 x2apic movbe popcnt tsc_deadline_timer aes xsave avx f16c rdrand lahf_lm abm cpuid_fault epb invpcid_single pti ssbd ibrs ibpb stibp tpr_shadow vnmi flexpriority ept vpid fsgsbase tsc_adjust bmi1 avx2 smep bmi2 erms invpcid xsaveopt dtherm ida arat pln pts md_clear flush_l1d
bugs		: cpu_meltdown spectre_v1 spectre_v2 spec_store_bypass l1tf mds swapgs
bogomips	: 7183.60
clflush size	: 64
cache_alignment	: 64
address sizes	: 39 bits physical, 48 bits virtual
power management:



Memory: 4k page, physical 16294200k(163532k free), swap 998396k(0k free)

vm_info: OpenJDK 64-Bit Server VM (25.222-b10) for linux-amd64 JRE (1.8.0_222-8u222-b10-1ubuntu1~16.04.1-b10), built on Jul 18 2019 20:25:18 by "buildd" with gcc 5.4.0 20160609

time: Mon Nov 11 14:03:26 2019
timezone: -03
elapsed time: 0 seconds (0d 0h 0m 0s)

